<?xml version="1.0" encoding="UTF-8"?>
<testsuite xmlns:xsi="http://www.w3.org/2001/XMLSchema-instance" xsi:noNamespaceSchemaLocation="https://maven.apache.org/surefire/maven-surefire-plugin/xsd/surefire-test-report.xsd" name="ua.pp.krotov.FirstTest" time="50.494" tests="4" errors="0" skipped="3" failures="1">
  <properties>
    <property name="sun.desktop" value="windows"/>
    <property name="awt.toolkit" value="sun.awt.windows.WToolkit"/>
    <property name="file.encoding.pkg" value="sun.io"/>
    <property name="java.specification.version" value="1.8"/>
    <property name="sun.cpu.isalist" value="amd64"/>
    <property name="sun.jnu.encoding" value="Cp1254"/>
    <property name="java.class.path" value="c:\SeleniumTests\FirstWebDriverTest\target\test-classes;c:\SeleniumTests\FirstWebDriverTest\target\classes;C:\Users\OPTiiM\.m2\repository\org\testng\testng\6.9.6\testng-6.9.6.jar;C:\Users\OPTiiM\.m2\repository\com\google\inject\guice\4.0\guice-4.0-no_aop.jar;C:\Users\OPTiiM\.m2\repository\javax\inject\javax.inject\1\javax.inject-1.jar;C:\Users\OPTiiM\.m2\repository\aopalliance\aopalliance\1.0\aopalliance-1.0.jar;C:\Users\OPTiiM\.m2\repository\com\google\guava\guava\16.0.1\guava-16.0.1.jar;C:\Users\OPTiiM\.m2\repository\org\beanshell\bsh\2.0b4\bsh-2.0b4.jar;C:\Users\OPTiiM\.m2\repository\org\apache\ant\ant\1.7.0\ant-1.7.0.jar;C:\Users\OPTiiM\.m2\repository\org\apache\ant\ant-launcher\1.7.0\ant-launcher-1.7.0.jar;C:\Users\OPTiiM\.m2\repository\com\beust\jcommander\1.48\jcommander-1.48.jar;C:\Users\OPTiiM\.m2\repository\org\yaml\snakeyaml\1.15\snakeyaml-1.15.jar;C:\Users\OPTiiM\.m2\repository\junit\junit\4.10\junit-4.10.jar;C:\Users\OPTiiM\.m2\repository\org\hamcrest\hamcrest-core\1.1\hamcrest-core-1.1.jar;C:\Users\OPTiiM\.m2\repository\org\seleniumhq\selenium\selenium-java\2.53.1\selenium-java-2.53.1.jar;C:\Users\OPTiiM\.m2\repository\org\seleniumhq\selenium\selenium-chrome-driver\2.53.1\selenium-chrome-driver-2.53.1.jar;C:\Users\OPTiiM\.m2\repository\org\seleniumhq\selenium\selenium-remote-driver\2.53.1\selenium-remote-driver-2.53.1.jar;C:\Users\OPTiiM\.m2\repository\cglib\cglib-nodep\2.1_3\cglib-nodep-2.1_3.jar;C:\Users\OPTiiM\.m2\repository\com\google\code\gson\gson\2.3.1\gson-2.3.1.jar;C:\Users\OPTiiM\.m2\repository\org\seleniumhq\selenium\selenium-api\2.53.1\selenium-api-2.53.1.jar;C:\Users\OPTiiM\.m2\repository\org\apache\httpcomponents\httpclient\4.5.1\httpclient-4.5.1.jar;C:\Users\OPTiiM\.m2\repository\org\apache\httpcomponents\httpcore\4.4.3\httpcore-4.4.3.jar;C:\Users\OPTiiM\.m2\repository\org\seleniumhq\selenium\selenium-edge-driver\2.53.1\selenium-edge-driver-2.53.1.jar;C:\Users\OPTiiM\.m2\repository\commons-io\commons-io\2.4\commons-io-2.4.jar;C:\Users\OPTiiM\.m2\repository\org\apache\commons\commons-exec\1.3\commons-exec-1.3.jar;C:\Users\OPTiiM\.m2\repository\org\seleniumhq\selenium\htmlunit-driver\2.21\htmlunit-driver-2.21.jar;C:\Users\OPTiiM\.m2\repository\net\sourceforge\htmlunit\htmlunit\2.21\htmlunit-2.21.jar;C:\Users\OPTiiM\.m2\repository\xalan\xalan\2.7.2\xalan-2.7.2.jar;C:\Users\OPTiiM\.m2\repository\xalan\serializer\2.7.2\serializer-2.7.2.jar;C:\Users\OPTiiM\.m2\repository\org\apache\commons\commons-lang3\3.4\commons-lang3-3.4.jar;C:\Users\OPTiiM\.m2\repository\org\apache\httpcomponents\httpmime\4.5.2\httpmime-4.5.2.jar;C:\Users\OPTiiM\.m2\repository\commons-codec\commons-codec\1.10\commons-codec-1.10.jar;C:\Users\OPTiiM\.m2\repository\net\sourceforge\htmlunit\htmlunit-core-js\2.17\htmlunit-core-js-2.17.jar;C:\Users\OPTiiM\.m2\repository\net\sourceforge\htmlunit\neko-htmlunit\2.21\neko-htmlunit-2.21.jar;C:\Users\OPTiiM\.m2\repository\xerces\xercesImpl\2.11.0\xercesImpl-2.11.0.jar;C:\Users\OPTiiM\.m2\repository\xml-apis\xml-apis\1.4.01\xml-apis-1.4.01.jar;C:\Users\OPTiiM\.m2\repository\net\sourceforge\cssparser\cssparser\0.9.18\cssparser-0.9.18.jar;C:\Users\OPTiiM\.m2\repository\org\w3c\css\sac\1.3\sac-1.3.jar;C:\Users\OPTiiM\.m2\repository\commons-logging\commons-logging\1.2\commons-logging-1.2.jar;C:\Users\OPTiiM\.m2\repository\org\eclipse\jetty\websocket\websocket-client\9.2.15.v20160210\websocket-client-9.2.15.v20160210.jar;C:\Users\OPTiiM\.m2\repository\org\eclipse\jetty\jetty-util\9.2.15.v20160210\jetty-util-9.2.15.v20160210.jar;C:\Users\OPTiiM\.m2\repository\org\eclipse\jetty\jetty-io\9.2.15.v20160210\jetty-io-9.2.15.v20160210.jar;C:\Users\OPTiiM\.m2\repository\org\eclipse\jetty\websocket\websocket-common\9.2.15.v20160210\websocket-common-9.2.15.v20160210.jar;C:\Users\OPTiiM\.m2\repository\org\eclipse\jetty\websocket\websocket-api\9.2.15.v20160210\websocket-api-9.2.15.v20160210.jar;C:\Users\OPTiiM\.m2\repository\commons-collections\commons-collections\3.2.2\commons-collections-3.2.2.jar;C:\Users\OPTiiM\.m2\repository\org\seleniumhq\selenium\selenium-firefox-driver\2.53.1\selenium-firefox-driver-2.53.1.jar;C:\Users\OPTiiM\.m2\repository\org\seleniumhq\selenium\selenium-ie-driver\2.53.1\selenium-ie-driver-2.53.1.jar;C:\Users\OPTiiM\.m2\repository\net\java\dev\jna\jna\4.1.0\jna-4.1.0.jar;C:\Users\OPTiiM\.m2\repository\net\java\dev\jna\jna-platform\4.1.0\jna-platform-4.1.0.jar;C:\Users\OPTiiM\.m2\repository\org\seleniumhq\selenium\selenium-safari-driver\2.53.1\selenium-safari-driver-2.53.1.jar;C:\Users\OPTiiM\.m2\repository\io\netty\netty\3.5.7.Final\netty-3.5.7.Final.jar;C:\Users\OPTiiM\.m2\repository\org\seleniumhq\selenium\selenium-support\2.53.1\selenium-support-2.53.1.jar;C:\Users\OPTiiM\.m2\repository\org\seleniumhq\selenium\selenium-leg-rc\2.53.1\selenium-leg-rc-2.53.1.jar;C:\Users\OPTiiM\.m2\repository\org\apache\maven\surefire\surefire-testng-utils\2.20.1\surefire-testng-utils-2.20.1.jar;C:\Users\OPTiiM\.m2\repository\org\apache\maven\surefire\surefire-grouper\2.20.1\surefire-grouper-2.20.1.jar;"/>
    <property name="java.vm.vendor" value="Oracle Corporation"/>
    <property name="sun.arch.data.model" value="64"/>
    <property name="user.variant" value=""/>
    <property name="java.vendor.url" value="http://java.oracle.com/"/>
    <property name="user.timezone" value=""/>
    <property name="java.vm.specification.version" value="1.8"/>
    <property name="os.name" value="Windows 10"/>
    <property name="user.country" value="TR"/>
    <property name="sun.java.launcher" value="SUN_STANDARD"/>
    <property name="sun.boot.library.path" value="C:\Program Files\Java\jdk1.8.0_181\jre\bin"/>
    <property name="sun.java.command" value="C:\Users\OPTiiM\AppData\Local\Temp\surefire3963391630956873315\surefirebooter2509818566304450067.jar C:\Users\OPTiiM\AppData\Local\Temp\surefire3963391630956873315 2018-10-05T15-16-44_630-jvmRun1 surefire7721642384927011950tmp surefire_08669296111201077090tmp"/>
    <property name="surefire.test.class.path" value="c:\SeleniumTests\FirstWebDriverTest\target\test-classes;c:\SeleniumTests\FirstWebDriverTest\target\classes;C:\Users\OPTiiM\.m2\repository\org\testng\testng\6.9.6\testng-6.9.6.jar;C:\Users\OPTiiM\.m2\repository\com\google\inject\guice\4.0\guice-4.0-no_aop.jar;C:\Users\OPTiiM\.m2\repository\javax\inject\javax.inject\1\javax.inject-1.jar;C:\Users\OPTiiM\.m2\repository\aopalliance\aopalliance\1.0\aopalliance-1.0.jar;C:\Users\OPTiiM\.m2\repository\com\google\guava\guava\16.0.1\guava-16.0.1.jar;C:\Users\OPTiiM\.m2\repository\org\beanshell\bsh\2.0b4\bsh-2.0b4.jar;C:\Users\OPTiiM\.m2\repository\org\apache\ant\ant\1.7.0\ant-1.7.0.jar;C:\Users\OPTiiM\.m2\repository\org\apache\ant\ant-launcher\1.7.0\ant-launcher-1.7.0.jar;C:\Users\OPTiiM\.m2\repository\com\beust\jcommander\1.48\jcommander-1.48.jar;C:\Users\OPTiiM\.m2\repository\org\yaml\snakeyaml\1.15\snakeyaml-1.15.jar;C:\Users\OPTiiM\.m2\repository\junit\junit\4.10\junit-4.10.jar;C:\Users\OPTiiM\.m2\repository\org\hamcrest\hamcrest-core\1.1\hamcrest-core-1.1.jar;C:\Users\OPTiiM\.m2\repository\org\seleniumhq\selenium\selenium-java\2.53.1\selenium-java-2.53.1.jar;C:\Users\OPTiiM\.m2\repository\org\seleniumhq\selenium\selenium-chrome-driver\2.53.1\selenium-chrome-driver-2.53.1.jar;C:\Users\OPTiiM\.m2\repository\org\seleniumhq\selenium\selenium-remote-driver\2.53.1\selenium-remote-driver-2.53.1.jar;C:\Users\OPTiiM\.m2\repository\cglib\cglib-nodep\2.1_3\cglib-nodep-2.1_3.jar;C:\Users\OPTiiM\.m2\repository\com\google\code\gson\gson\2.3.1\gson-2.3.1.jar;C:\Users\OPTiiM\.m2\repository\org\seleniumhq\selenium\selenium-api\2.53.1\selenium-api-2.53.1.jar;C:\Users\OPTiiM\.m2\repository\org\apache\httpcomponents\httpclient\4.5.1\httpclient-4.5.1.jar;C:\Users\OPTiiM\.m2\repository\org\apache\httpcomponents\httpcore\4.4.3\httpcore-4.4.3.jar;C:\Users\OPTiiM\.m2\repository\org\seleniumhq\selenium\selenium-edge-driver\2.53.1\selenium-edge-driver-2.53.1.jar;C:\Users\OPTiiM\.m2\repository\commons-io\commons-io\2.4\commons-io-2.4.jar;C:\Users\OPTiiM\.m2\repository\org\apache\commons\commons-exec\1.3\commons-exec-1.3.jar;C:\Users\OPTiiM\.m2\repository\org\seleniumhq\selenium\htmlunit-driver\2.21\htmlunit-driver-2.21.jar;C:\Users\OPTiiM\.m2\repository\net\sourceforge\htmlunit\htmlunit\2.21\htmlunit-2.21.jar;C:\Users\OPTiiM\.m2\repository\xalan\xalan\2.7.2\xalan-2.7.2.jar;C:\Users\OPTiiM\.m2\repository\xalan\serializer\2.7.2\serializer-2.7.2.jar;C:\Users\OPTiiM\.m2\repository\org\apache\commons\commons-lang3\3.4\commons-lang3-3.4.jar;C:\Users\OPTiiM\.m2\repository\org\apache\httpcomponents\httpmime\4.5.2\httpmime-4.5.2.jar;C:\Users\OPTiiM\.m2\repository\commons-codec\commons-codec\1.10\commons-codec-1.10.jar;C:\Users\OPTiiM\.m2\repository\net\sourceforge\htmlunit\htmlunit-core-js\2.17\htmlunit-core-js-2.17.jar;C:\Users\OPTiiM\.m2\repository\net\sourceforge\htmlunit\neko-htmlunit\2.21\neko-htmlunit-2.21.jar;C:\Users\OPTiiM\.m2\repository\xerces\xercesImpl\2.11.0\xercesImpl-2.11.0.jar;C:\Users\OPTiiM\.m2\repository\xml-apis\xml-apis\1.4.01\xml-apis-1.4.01.jar;C:\Users\OPTiiM\.m2\repository\net\sourceforge\cssparser\cssparser\0.9.18\cssparser-0.9.18.jar;C:\Users\OPTiiM\.m2\repository\org\w3c\css\sac\1.3\sac-1.3.jar;C:\Users\OPTiiM\.m2\repository\commons-logging\commons-logging\1.2\commons-logging-1.2.jar;C:\Users\OPTiiM\.m2\repository\org\eclipse\jetty\websocket\websocket-client\9.2.15.v20160210\websocket-client-9.2.15.v20160210.jar;C:\Users\OPTiiM\.m2\repository\org\eclipse\jetty\jetty-util\9.2.15.v20160210\jetty-util-9.2.15.v20160210.jar;C:\Users\OPTiiM\.m2\repository\org\eclipse\jetty\jetty-io\9.2.15.v20160210\jetty-io-9.2.15.v20160210.jar;C:\Users\OPTiiM\.m2\repository\org\eclipse\jetty\websocket\websocket-common\9.2.15.v20160210\websocket-common-9.2.15.v20160210.jar;C:\Users\OPTiiM\.m2\repository\org\eclipse\jetty\websocket\websocket-api\9.2.15.v20160210\websocket-api-9.2.15.v20160210.jar;C:\Users\OPTiiM\.m2\repository\commons-collections\commons-collections\3.2.2\commons-collections-3.2.2.jar;C:\Users\OPTiiM\.m2\repository\org\seleniumhq\selenium\selenium-firefox-driver\2.53.1\selenium-firefox-driver-2.53.1.jar;C:\Users\OPTiiM\.m2\repository\org\seleniumhq\selenium\selenium-ie-driver\2.53.1\selenium-ie-driver-2.53.1.jar;C:\Users\OPTiiM\.m2\repository\net\java\dev\jna\jna\4.1.0\jna-4.1.0.jar;C:\Users\OPTiiM\.m2\repository\net\java\dev\jna\jna-platform\4.1.0\jna-platform-4.1.0.jar;C:\Users\OPTiiM\.m2\repository\org\seleniumhq\selenium\selenium-safari-driver\2.53.1\selenium-safari-driver-2.53.1.jar;C:\Users\OPTiiM\.m2\repository\io\netty\netty\3.5.7.Final\netty-3.5.7.Final.jar;C:\Users\OPTiiM\.m2\repository\org\seleniumhq\selenium\selenium-support\2.53.1\selenium-support-2.53.1.jar;C:\Users\OPTiiM\.m2\repository\org\seleniumhq\selenium\selenium-leg-rc\2.53.1\selenium-leg-rc-2.53.1.jar;C:\Users\OPTiiM\.m2\repository\org\apache\maven\surefire\surefire-testng-utils\2.20.1\surefire-testng-utils-2.20.1.jar;C:\Users\OPTiiM\.m2\repository\org\apache\maven\surefire\surefire-grouper\2.20.1\surefire-grouper-2.20.1.jar;"/>
    <property name="sun.cpu.endian" value="little"/>
    <property name="user.home" value="C:\Users\OPTiiM"/>
    <property name="user.language" value="tr"/>
    <property name="java.specification.vendor" value="Oracle Corporation"/>
    <property name="java.home" value="C:\Program Files\Java\jdk1.8.0_181\jre"/>
    <property name="basedir" value="c:\SeleniumTests\FirstWebDriverTest"/>
    <property name="file.separator" value="\"/>
    <property name="line.separator" value="&#10;"/>
    <property name="java.vm.specification.vendor" value="Oracle Corporation"/>
    <property name="java.specification.name" value="Java Platform API Specification"/>
    <property name="java.awt.graphicsenv" value="sun.awt.Win32GraphicsEnvironment"/>
    <property name="surefire.real.class.path" value="C:\Users\OPTiiM\AppData\Local\Temp\surefire3963391630956873315\surefirebooter2509818566304450067.jar"/>
    <property name="sun.boot.class.path" value="C:\Program Files\Java\jdk1.8.0_181\jre\lib\resources.jar;C:\Program Files\Java\jdk1.8.0_181\jre\lib\rt.jar;C:\Program Files\Java\jdk1.8.0_181\jre\lib\sunrsasign.jar;C:\Program Files\Java\jdk1.8.0_181\jre\lib\jsse.jar;C:\Program Files\Java\jdk1.8.0_181\jre\lib\jce.jar;C:\Program Files\Java\jdk1.8.0_181\jre\lib\charsets.jar;C:\Program Files\Java\jdk1.8.0_181\jre\lib\jfr.jar;C:\Program Files\Java\jdk1.8.0_181\jre\classes"/>
    <property name="user.script" value=""/>
    <property name="sun.management.compiler" value="HotSpot 64-Bit Tiered Compilers"/>
    <property name="java.runtime.version" value="1.8.0_181-b13"/>
    <property name="user.name" value="OPTiiM"/>
    <property name="path.separator" value=";"/>
    <property name="os.version" value="10.0"/>
    <property name="java.endorsed.dirs" value="C:\Program Files\Java\jdk1.8.0_181\jre\lib\endorsed"/>
    <property name="java.runtime.name" value="Java(TM) SE Runtime Environment"/>
    <property name="file.encoding" value="Cp1254"/>
    <property name="java.vm.name" value="Java HotSpot(TM) 64-Bit Server VM"/>
    <property name="localRepository" value="C:\Users\OPTiiM\.m2\repository"/>
    <property name="java.vendor.url.bug" value="http://bugreport.sun.com/bugreport/"/>
    <property name="java.io.tmpdir" value="C:\Users\OPTiiM\AppData\Local\Temp\"/>
    <property name="java.version" value="1.8.0_181"/>
    <property name="user.dir" value="c:\SeleniumTests\FirstWebDriverTest"/>
    <property name="os.arch" value="amd64"/>
    <property name="java.vm.specification.name" value="Java Virtual Machine Specification"/>
    <property name="java.awt.printerjob" value="sun.awt.windows.WPrinterJob"/>
    <property name="sun.os.patch.level" value=""/>
    <property name="java.library.path" value="C:\Program Files\Java\jdk1.8.0_181\jre\bin;C:\WINDOWS\Sun\Java\bin;C:\WINDOWS\system32;C:\WINDOWS;C:\Program Files (x86)\Common Files\Oracle\Java\javapath;C:\WINDOWS\system32;C:\WINDOWS;C:\WINDOWS\System32\Wbem;&quot;C:\WINDOWS\System32\WindowsPowerShell\v1.0\;C:\Program Files\Java\jdk1.8.0_181\bin&quot;;C:\WINDOWS\System32\OpenSSH\;C:\Program Files\Hewlett-Packard\SimplePass\;C:\allure-commandline\bin;C:\TestAutomation\chromedriver_win32;C:\Downloads\apache-maven-3.5.4\bin;C:\Users\OPTiiM\AppData\Local\Microsoft\WindowsApps;."/>
    <property name="java.vm.info" value="mixed mode"/>
    <property name="java.vendor" value="Oracle Corporation"/>
    <property name="java.vm.version" value="25.181-b13"/>
    <property name="java.ext.dirs" value="C:\Program Files\Java\jdk1.8.0_181\jre\lib\ext;C:\WINDOWS\Sun\Java\lib\ext"/>
    <property name="sun.io.unicode.encoding" value="UnicodeLittle"/>
    <property name="java.class.version" value="52.0"/>
  </properties>
  <testcase name="setUp" classname="ua.pp.krotov.FirstTest" time="49.986">
    <failure message="Failed to connect to binary FirefoxBinary(C:\Program Files\Mozilla Firefox\firefox.exe) on port 7055; process output follows: &#10;escription&quot;:&quot;ZenMate VPN - Deine Internet Security LÃ¶sung. Wir verschlÃ¼sseln deine Internetverbindungen und unblocken deinen Lieblingscontent.&quot;,&quot;creator&quot;:null,&quot;developers&quot;:null,&quot;translators&quot;:null,&quot;contributors&quot;:null,&quot;locales&quot;:[&quot;de&quot;]},{&quot;name&quot;:&quot;ZenMate VPN - Ğ»ÑƒÑ‡ÑˆĞµĞµ Ñ€ĞµÑˆĞµĞ½Ğ¸Ğµ Ğ´Ğ»Ñ� Ğ¸Ğ½Ñ‚ĞµÑ€Ğ½ĞµÑ‚-Ğ±ĞµĞ·Ğ¾Ğ¿Ğ°Ñ�Ğ½Ğ¾Ñ�Ñ‚Ğ¸&quot;,&quot;description&quot;:&quot;ZenMate VPN - Ğ¸Ğ½Ñ‚ĞµÑ€Ğ½ĞµÑ‚-Ğ±ĞµĞ·Ğ¾Ğ¿Ğ°Ñ�Ğ½Ğ¾Ñ�Ñ‚ÑŒ Ğ´Ğ»Ñ� Ğ²Ğ°Ñ�. Ğ¨Ğ¸Ñ„Ñ€Ğ¾Ğ²Ğ°Ğ½Ğ¸Ğµ Ñ�Ğ¾ĞµĞ´Ğ¸Ğ½ĞµĞ½Ğ¸Ñ�, Ğ´Ğ¾Ñ�Ñ‚ÑƒĞ¿ Ğº Ğ·Ğ°Ñ‰Ğ¸Ñ‰ĞµĞ½Ğ½Ñ‹Ğ¼ Ğ¿Ñ€Ğ¾ĞºÑ�Ğ¸-Ñ�ĞµÑ€Ğ²ĞµÑ€Ğ°Ğ¼ Ğ¸ Ğ·Ğ°Ğ±Ğ»Ğ¾ĞºĞ¸Ñ€Ğ¾Ğ²Ğ°Ğ½Ğ½Ğ¾Ğ¼Ñƒ ĞºĞ¾Ğ½Ñ‚ĞµĞ½Ñ‚Ñƒ.&quot;,&quot;creator&quot;:null,&quot;developers&quot;:null,&quot;translators&quot;:null,&quot;contributors&quot;:null,&quot;locales&quot;:[&quot;ru&quot;]},{&quot;name&quot;:&quot;ZenMate VPN - Mejor seguridad para Internet&quot;,&quot;description&quot;:&quot;ZenMate VPN - la mejor soluciÃ³n para tu seguridad. Encripta tu conexiÃ³n, accede a nuestro vpn proxy y desbloquea pÃ¡ginas web fÃ¡cil.&quot;,&quot;creator&quot;:null,&quot;developers&quot;:null,&quot;translators&quot;:null,&quot;contributors&quot;:null,&quot;locales&quot;:[&quot;es&quot;]},{&quot;name&quot;:&quot;ZenMate VPN - GÃ¼venli Ä°nternet &amp; Unblock &quot;,&quot;description&quot;:&quot;ZenMate VPN - GÃ¼venli internet eriÅŸimi iÃ§in en iyi Ã§Ã¶zÃ¼m. Ä°nternet baÄŸlantÄ±nÄ± ÅŸifrele ve yasaklÄ± sitelere gÃ¼venli eriÅŸim saÄŸla.&quot;,&quot;creator&quot;:null,&quot;developers&quot;:null,&quot;translators&quot;:null,&quot;contributors&quot;:null,&quot;locales&quot;:[&quot;tr&quot;]},{&quot;name&quot;:&quot;ZenMate VPN - Beste Cyber Security &amp; Unblock&quot;,&quot;description&quot;:&quot;ZenMate VPN - Beste VPN &amp; Internet security voor Chrome. Verbind met onze proxy servers, unblock websites en behoud online privacy.&quot;,&quot;creator&quot;:null,&quot;developers&quot;:null,&quot;translators&quot;:null,&quot;contributors&quot;:null,&quot;locales&quot;:[&quot;nl&quot;]}],&quot;targetApplications&quot;:[{&quot;id&quot;:&quot;toolkit@mozilla.org&quot;,&quot;minVersion&quot;:&quot;56.0&quot;,&quot;maxVersion&quot;:null}],&quot;targetPlatforms&quot;:[],&quot;signedState&quot;:2,&quot;seen&quot;:true,&quot;dependencies&quot;:[],&quot;hasEmbeddedWebExtension&quot;:false,&quot;userPermissions&quot;:{&quot;permissions&quot;:[&quot;tabs&quot;,&quot;webRequest&quot;,&quot;webRequestBlocking&quot;,&quot;proxy&quot;,&quot;management&quot;,&quot;storage&quot;,&quot;notifications&quot;,&quot;cookies&quot;,&quot;privacy&quot;],&quot;origins&quot;:[&quot;*://*/*&quot;,&quot;*://*.zenmate.com/*&quot;,&quot;*://*.zenmate.io/*&quot;,&quot;&lt;all_urls&gt;&quot;]},&quot;icons&quot;:{&quot;16&quot;:&quot;icons/standard-16.png&quot;,&quot;48&quot;:&quot;icons/standard-48.png&quot;,&quot;64&quot;:&quot;icons/standard-64.png&quot;,&quot;128&quot;:&quot;icons/standard-128.png&quot;},&quot;iconURL&quot;:null,&quot;icon64URL&quot;:null,&quot;blocklistState&quot;:0,&quot;blocklistURL&quot;:null,&quot;startupData&quot;:null,&quot;location&quot;:&quot;app-profile&quot;}&#10;1538741837482	addons.xpi	DEBUG	Install of https://addons.mozilla.org/firefox/downloads/file/1021277/zenmate_vpn_for_firefox-6.2.6-an+fx.xpi?src=dp-btn-primary completed.&#10;1538741837491	addons.xpi	DEBUG	Loading bootstrap scope from C:\Users\OPTiiM\AppData\Local\Temp\anonymous8416474072821863842webdriver-profile\extensions\firefox-webext@zenmate.com.xpi&#10;1538741837492	addons.xpi	DEBUG	Calling bootstrap method install on firefox-webext@zenmate.com version 6.2.6&#10;1538741837493	addons.xpi	DEBUG	Calling bootstrap method startup on firefox-webext@zenmate.com version 6.2.6&#10;JavaScript error: moz-extension://4a2d2ae8-3261-4dbe-9f0e-2391cedacb46/scripts/free.js, line 24: Error: Could not establish connection. Receiving end does not exist.&#10;1538741837876	addons.manager	DEBUG	Registering upgrade listener for firefox-webext@zenmate.com&#10;1538741838086	addons.xpi	DEBUG	removeTemporaryFile: https://addons.mozilla.org/firefox/downloads/file/1021277/zenmate_vpn_for_firefox-6.2.6-an+fx.xpi?src=dp-btn-primary removing temp file C:\Users\OPTiiM\AppData\Local\Temp\tmp-xa9.xpi&#10;1538741838087	addons.xpi	WARN	Failed to remove temporary file C:\Users\OPTiiM\AppData\Local\Temp\tmp-xa9.xpi for addon https://addons.mozilla.org/firefox/downloads/file/1021277/zenmate_vpn_for_firefox-6.2.6-an+fx.xpi?src=dp-btn-primary: [Exception... &quot;Component returned failure code: 0x80520015 (NS_ERROR_FILE_ACCESS_DENIED) [nsIFile.remove]&quot;  nsresult: &quot;0x80520015 (NS_ERROR_FILE_ACCESS_DENIED)&quot;  location: &quot;JS frame :: resource://gre/modules/addons/XPIInstall.jsm :: removeTemporaryFile :: line 1502&quot;  data: no] Stack trace: removeTemporaryFile()@resource://gre/modules/addons/XPIInstall.jsm:1502&#10;startInstall/&lt;()@resource://gre/modules/addons/XPIInstall.jsm:1798&#10;JavaScript error: https://partner.zenmate.com/qclick-cookies, line 24: SyntaxError: An invalid or illegal string was specified&#10;&#10;Build info: version: &apos;2.53.1&apos;, revision: &apos;a36b8b1cd5757287168e54b817830adce9b0158d&apos;, time: &apos;2016-06-30 19:26:09&apos;&#10;System info: host: &apos;DESKTOP-C8E2LPS&apos;, ip: &apos;192.168.1.129&apos;, os.name: &apos;Windows 10&apos;, os.arch: &apos;amd64&apos;, os.version: &apos;10.0&apos;, java.version: &apos;1.8.0_181&apos;&#10;Driver info: driver.version: FirefoxDriver" type="org.openqa.selenium.WebDriverException"><![CDATA[org.openqa.selenium.WebDriverException: 
Failed to connect to binary FirefoxBinary(C:\Program Files\Mozilla Firefox\firefox.exe) on port 7055; process output follows: 
escription":"ZenMate VPN - Deine Internet Security LÃ¶sung. Wir verschlÃ¼sseln deine Internetverbindungen und unblocken deinen Lieblingscontent.","creator":null,"developers":null,"translators":null,"contributors":null,"locales":["de"]},{"name":"ZenMate VPN - Ğ»ÑƒÑ‡ÑˆĞµĞµ Ñ€ĞµÑˆĞµĞ½Ğ¸Ğµ Ğ´Ğ»Ñ� Ğ¸Ğ½Ñ‚ĞµÑ€Ğ½ĞµÑ‚-Ğ±ĞµĞ·Ğ¾Ğ¿Ğ°Ñ�Ğ½Ğ¾Ñ�Ñ‚Ğ¸","description":"ZenMate VPN - Ğ¸Ğ½Ñ‚ĞµÑ€Ğ½ĞµÑ‚-Ğ±ĞµĞ·Ğ¾Ğ¿Ğ°Ñ�Ğ½Ğ¾Ñ�Ñ‚ÑŒ Ğ´Ğ»Ñ� Ğ²Ğ°Ñ�. Ğ¨Ğ¸Ñ„Ñ€Ğ¾Ğ²Ğ°Ğ½Ğ¸Ğµ Ñ�Ğ¾ĞµĞ´Ğ¸Ğ½ĞµĞ½Ğ¸Ñ�, Ğ´Ğ¾Ñ�Ñ‚ÑƒĞ¿ Ğº Ğ·Ğ°Ñ‰Ğ¸Ñ‰ĞµĞ½Ğ½Ñ‹Ğ¼ Ğ¿Ñ€Ğ¾ĞºÑ�Ğ¸-Ñ�ĞµÑ€Ğ²ĞµÑ€Ğ°Ğ¼ Ğ¸ Ğ·Ğ°Ğ±Ğ»Ğ¾ĞºĞ¸Ñ€Ğ¾Ğ²Ğ°Ğ½Ğ½Ğ¾Ğ¼Ñƒ ĞºĞ¾Ğ½Ñ‚ĞµĞ½Ñ‚Ñƒ.","creator":null,"developers":null,"translators":null,"contributors":null,"locales":["ru"]},{"name":"ZenMate VPN - Mejor seguridad para Internet","description":"ZenMate VPN - la mejor soluciÃ³n para tu seguridad. Encripta tu conexiÃ³n, accede a nuestro vpn proxy y desbloquea pÃ¡ginas web fÃ¡cil.","creator":null,"developers":null,"translators":null,"contributors":null,"locales":["es"]},{"name":"ZenMate VPN - GÃ¼venli Ä°nternet & Unblock ","description":"ZenMate VPN - GÃ¼venli internet eriÅŸimi iÃ§in en iyi Ã§Ã¶zÃ¼m. Ä°nternet baÄŸlantÄ±nÄ± ÅŸifrele ve yasaklÄ± sitelere gÃ¼venli eriÅŸim saÄŸla.","creator":null,"developers":null,"translators":null,"contributors":null,"locales":["tr"]},{"name":"ZenMate VPN - Beste Cyber Security & Unblock","description":"ZenMate VPN - Beste VPN & Internet security voor Chrome. Verbind met onze proxy servers, unblock websites en behoud online privacy.","creator":null,"developers":null,"translators":null,"contributors":null,"locales":["nl"]}],"targetApplications":[{"id":"toolkit@mozilla.org","minVersion":"56.0","maxVersion":null}],"targetPlatforms":[],"signedState":2,"seen":true,"dependencies":[],"hasEmbeddedWebExtension":false,"userPermissions":{"permissions":["tabs","webRequest","webRequestBlocking","proxy","management","storage","notifications","cookies","privacy"],"origins":["*://*/*","*://*.zenmate.com/*","*://*.zenmate.io/*","<all_urls>"]},"icons":{"16":"icons/standard-16.png","48":"icons/standard-48.png","64":"icons/standard-64.png","128":"icons/standard-128.png"},"iconURL":null,"icon64URL":null,"blocklistState":0,"blocklistURL":null,"startupData":null,"location":"app-profile"}
1538741837482	addons.xpi	DEBUG	Install of https://addons.mozilla.org/firefox/downloads/file/1021277/zenmate_vpn_for_firefox-6.2.6-an+fx.xpi?src=dp-btn-primary completed.
1538741837491	addons.xpi	DEBUG	Loading bootstrap scope from C:\Users\OPTiiM\AppData\Local\Temp\anonymous8416474072821863842webdriver-profile\extensions\firefox-webext@zenmate.com.xpi
1538741837492	addons.xpi	DEBUG	Calling bootstrap method install on firefox-webext@zenmate.com version 6.2.6
1538741837493	addons.xpi	DEBUG	Calling bootstrap method startup on firefox-webext@zenmate.com version 6.2.6
JavaScript error: moz-extension://4a2d2ae8-3261-4dbe-9f0e-2391cedacb46/scripts/free.js, line 24: Error: Could not establish connection. Receiving end does not exist.
1538741837876	addons.manager	DEBUG	Registering upgrade listener for firefox-webext@zenmate.com
1538741838086	addons.xpi	DEBUG	removeTemporaryFile: https://addons.mozilla.org/firefox/downloads/file/1021277/zenmate_vpn_for_firefox-6.2.6-an+fx.xpi?src=dp-btn-primary removing temp file C:\Users\OPTiiM\AppData\Local\Temp\tmp-xa9.xpi
1538741838087	addons.xpi	WARN	Failed to remove temporary file C:\Users\OPTiiM\AppData\Local\Temp\tmp-xa9.xpi for addon https://addons.mozilla.org/firefox/downloads/file/1021277/zenmate_vpn_for_firefox-6.2.6-an+fx.xpi?src=dp-btn-primary: [Exception... "Component returned failure code: 0x80520015 (NS_ERROR_FILE_ACCESS_DENIED) [nsIFile.remove]"  nsresult: "0x80520015 (NS_ERROR_FILE_ACCESS_DENIED)"  location: "JS frame :: resource://gre/modules/addons/XPIInstall.jsm :: removeTemporaryFile :: line 1502"  data: no] Stack trace: removeTemporaryFile()@resource://gre/modules/addons/XPIInstall.jsm:1502
startInstall/<()@resource://gre/modules/addons/XPIInstall.jsm:1798
JavaScript error: https://partner.zenmate.com/qclick-cookies, line 24: SyntaxError: An invalid or illegal string was specified

Build info: version: '2.53.1', revision: 'a36b8b1cd5757287168e54b817830adce9b0158d', time: '2016-06-30 19:26:09'
System info: host: 'DESKTOP-C8E2LPS', ip: '192.168.1.129', os.name: 'Windows 10', os.arch: 'amd64', os.version: '10.0', java.version: '1.8.0_181'
Driver info: driver.version: FirefoxDriver
	at ua.pp.krotov.FirstTest.setUp(FirstTest.java:19)
Caused by: org.openqa.selenium.firefox.NotConnectedException: 
Unable to connect to host 127.0.0.1 on port 7055 after 45000 ms. Firefox console output:
escription":"ZenMate VPN - Deine Internet Security LÃ¶sung. Wir verschlÃ¼sseln deine Internetverbindungen und unblocken deinen Lieblingscontent.","creator":null,"developers":null,"translators":null,"contributors":null,"locales":["de"]},{"name":"ZenMate VPN - Ğ»ÑƒÑ‡ÑˆĞµĞµ Ñ€ĞµÑˆĞµĞ½Ğ¸Ğµ Ğ´Ğ»Ñ� Ğ¸Ğ½Ñ‚ĞµÑ€Ğ½ĞµÑ‚-Ğ±ĞµĞ·Ğ¾Ğ¿Ğ°Ñ�Ğ½Ğ¾Ñ�Ñ‚Ğ¸","description":"ZenMate VPN - Ğ¸Ğ½Ñ‚ĞµÑ€Ğ½ĞµÑ‚-Ğ±ĞµĞ·Ğ¾Ğ¿Ğ°Ñ�Ğ½Ğ¾Ñ�Ñ‚ÑŒ Ğ´Ğ»Ñ� Ğ²Ğ°Ñ�. Ğ¨Ğ¸Ñ„Ñ€Ğ¾Ğ²Ğ°Ğ½Ğ¸Ğµ Ñ�Ğ¾ĞµĞ´Ğ¸Ğ½ĞµĞ½Ğ¸Ñ�, Ğ´Ğ¾Ñ�Ñ‚ÑƒĞ¿ Ğº Ğ·Ğ°Ñ‰Ğ¸Ñ‰ĞµĞ½Ğ½Ñ‹Ğ¼ Ğ¿Ñ€Ğ¾ĞºÑ�Ğ¸-Ñ�ĞµÑ€Ğ²ĞµÑ€Ğ°Ğ¼ Ğ¸ Ğ·Ğ°Ğ±Ğ»Ğ¾ĞºĞ¸Ñ€Ğ¾Ğ²Ğ°Ğ½Ğ½Ğ¾Ğ¼Ñƒ ĞºĞ¾Ğ½Ñ‚ĞµĞ½Ñ‚Ñƒ.","creator":null,"developers":null,"translators":null,"contributors":null,"locales":["ru"]},{"name":"ZenMate VPN - Mejor seguridad para Internet","description":"ZenMate VPN - la mejor soluciÃ³n para tu seguridad. Encripta tu conexiÃ³n, accede a nuestro vpn proxy y desbloquea pÃ¡ginas web fÃ¡cil.","creator":null,"developers":null,"translators":null,"contributors":null,"locales":["es"]},{"name":"ZenMate VPN - GÃ¼venli Ä°nternet & Unblock ","description":"ZenMate VPN - GÃ¼venli internet eriÅŸimi iÃ§in en iyi Ã§Ã¶zÃ¼m. Ä°nternet baÄŸlantÄ±nÄ± ÅŸifrele ve yasaklÄ± sitelere gÃ¼venli eriÅŸim saÄŸla.","creator":null,"developers":null,"translators":null,"contributors":null,"locales":["tr"]},{"name":"ZenMate VPN - Beste Cyber Security & Unblock","description":"ZenMate VPN - Beste VPN & Internet security voor Chrome. Verbind met onze proxy servers, unblock websites en behoud online privacy.","creator":null,"developers":null,"translators":null,"contributors":null,"locales":["nl"]}],"targetApplications":[{"id":"toolkit@mozilla.org","minVersion":"56.0","maxVersion":null}],"targetPlatforms":[],"signedState":2,"seen":true,"dependencies":[],"hasEmbeddedWebExtension":false,"userPermissions":{"permissions":["tabs","webRequest","webRequestBlocking","proxy","management","storage","notifications","cookies","privacy"],"origins":["*://*/*","*://*.zenmate.com/*","*://*.zenmate.io/*","<all_urls>"]},"icons":{"16":"icons/standard-16.png","48":"icons/standard-48.png","64":"icons/standard-64.png","128":"icons/standard-128.png"},"iconURL":null,"icon64URL":null,"blocklistState":0,"blocklistURL":null,"startupData":null,"location":"app-profile"}
1538741837482	addons.xpi	DEBUG	Install of https://addons.mozilla.org/firefox/downloads/file/1021277/zenmate_vpn_for_firefox-6.2.6-an+fx.xpi?src=dp-btn-primary completed.
1538741837491	addons.xpi	DEBUG	Loading bootstrap scope from C:\Users\OPTiiM\AppData\Local\Temp\anonymous8416474072821863842webdriver-profile\extensions\firefox-webext@zenmate.com.xpi
1538741837492	addons.xpi	DEBUG	Calling bootstrap method install on firefox-webext@zenmate.com version 6.2.6
1538741837493	addons.xpi	DEBUG	Calling bootstrap method startup on firefox-webext@zenmate.com version 6.2.6
JavaScript error: moz-extension://4a2d2ae8-3261-4dbe-9f0e-2391cedacb46/scripts/free.js, line 24: Error: Could not establish connection. Receiving end does not exist.
1538741837876	addons.manager	DEBUG	Registering upgrade listener for firefox-webext@zenmate.com
1538741838086	addons.xpi	DEBUG	removeTemporaryFile: https://addons.mozilla.org/firefox/downloads/file/1021277/zenmate_vpn_for_firefox-6.2.6-an+fx.xpi?src=dp-btn-primary removing temp file C:\Users\OPTiiM\AppData\Local\Temp\tmp-xa9.xpi
1538741838087	addons.xpi	WARN	Failed to remove temporary file C:\Users\OPTiiM\AppData\Local\Temp\tmp-xa9.xpi for addon https://addons.mozilla.org/firefox/downloads/file/1021277/zenmate_vpn_for_firefox-6.2.6-an+fx.xpi?src=dp-btn-primary: [Exception... "Component returned failure code: 0x80520015 (NS_ERROR_FILE_ACCESS_DENIED) [nsIFile.remove]"  nsresult: "0x80520015 (NS_ERROR_FILE_ACCESS_DENIED)"  location: "JS frame :: resource://gre/modules/addons/XPIInstall.jsm :: removeTemporaryFile :: line 1502"  data: no] Stack trace: removeTemporaryFile()@resource://gre/modules/addons/XPIInstall.jsm:1502
startInstall/<()@resource://gre/modules/addons/XPIInstall.jsm:1798
JavaScript error: https://partner.zenmate.com/qclick-cookies, line 24: SyntaxError: An invalid or illegal string was specified

	at ua.pp.krotov.FirstTest.setUp(FirstTest.java:19)
]]></failure>
    <system-err><![CDATA[org.openqa.selenium.firefox.NotConnectedException: Unable to connect to host 127.0.0.1 on port 7055 after 45000 ms. Firefox console output:
escription":"ZenMate VPN - Deine Internet Security LÃ¶sung. Wir verschlÃ¼sseln deine Internetverbindungen und unblocken deinen Lieblingscontent.","creator":null,"developers":null,"translators":null,"contributors":null,"locales":["de"]},{"name":"ZenMate VPN - Ğ»ÑƒÑ‡ÑˆĞµĞµ Ñ€ĞµÑˆĞµĞ½Ğ¸Ğµ Ğ´Ğ»Ñ? Ğ¸Ğ½Ñ‚ĞµÑ€Ğ½ĞµÑ‚-Ğ±ĞµĞ·Ğ¾Ğ¿Ğ°Ñ?Ğ½Ğ¾Ñ?Ñ‚Ğ¸","description":"ZenMate VPN - Ğ¸Ğ½Ñ‚ĞµÑ€Ğ½ĞµÑ‚-Ğ±ĞµĞ·Ğ¾Ğ¿Ğ°Ñ?Ğ½Ğ¾Ñ?Ñ‚ÑŒ Ğ´Ğ»Ñ? Ğ²Ğ°Ñ?. Ğ¨Ğ¸Ñ„Ñ€Ğ¾Ğ²Ğ°Ğ½Ğ¸Ğµ Ñ?Ğ¾ĞµĞ´Ğ¸Ğ½ĞµĞ½Ğ¸Ñ?, Ğ´Ğ¾Ñ?Ñ‚ÑƒĞ¿ Ğº Ğ·Ğ°Ñ‰Ğ¸Ñ‰ĞµĞ½Ğ½Ñ‹Ğ¼ Ğ¿Ñ€Ğ¾ĞºÑ?Ğ¸-Ñ?ĞµÑ€Ğ²ĞµÑ€Ğ°Ğ¼ Ğ¸ Ğ·Ğ°Ğ±Ğ»Ğ¾ĞºĞ¸Ñ€Ğ¾Ğ²Ğ°Ğ½Ğ½Ğ¾Ğ¼Ñƒ ĞºĞ¾Ğ½Ñ‚ĞµĞ½Ñ‚Ñƒ.","creator":null,"developers":null,"translators":null,"contributors":null,"locales":["ru"]},{"name":"ZenMate VPN - Mejor seguridad para Internet","description":"ZenMate VPN - la mejor soluciÃ³n para tu seguridad. Encripta tu conexiÃ³n, accede a nuestro vpn proxy y desbloquea pÃ¡ginas web fÃ¡cil.","creator":null,"developers":null,"translators":null,"contributors":null,"locales":["es"]},{"name":"ZenMate VPN - GÃ¼venli Ä°nternet & Unblock ","description":"ZenMate VPN - GÃ¼venli internet eriÅŸimi iÃ§in en iyi Ã§Ã¶zÃ¼m. Ä°nternet baÄŸlantÄ±nÄ± ÅŸifrele ve yasaklÄ± sitelere gÃ¼venli eriÅŸim saÄŸla.","creator":null,"developers":null,"translators":null,"contributors":null,"locales":["tr"]},{"name":"ZenMate VPN - Beste Cyber Security & Unblock","description":"ZenMate VPN - Beste VPN & Internet security voor Chrome. Verbind met onze proxy servers, unblock websites en behoud online privacy.","creator":null,"developers":null,"translators":null,"contributors":null,"locales":["nl"]}],"targetApplications":[{"id":"toolkit@mozilla.org","minVersion":"56.0","maxVersion":null}],"targetPlatforms":[],"signedState":2,"seen":true,"dependencies":[],"hasEmbeddedWebExtension":false,"userPermissions":{"permissions":["tabs","webRequest","webRequestBlocking","proxy","management","storage","notifications","cookies","privacy"],"origins":["*://*/*","*://*.zenmate.com/*","*://*.zenmate.io/*","<all_urls>"]},"icons":{"16":"icons/standard-16.png","48":"icons/standard-48.png","64":"icons/standard-64.png","128":"icons/standard-128.png"},"iconURL":null,"icon64URL":null,"blocklistState":0,"blocklistURL":null,"startupData":null,"location":"app-profile"}
1538741837482	addons.xpi	DEBUG	Install of https://addons.mozilla.org/firefox/downloads/file/1021277/zenmate_vpn_for_firefox-6.2.6-an+fx.xpi?src=dp-btn-primary completed.
1538741837491	addons.xpi	DEBUG	Loading bootstrap scope from C:\Users\OPTiiM\AppData\Local\Temp\anonymous8416474072821863842webdriver-profile\extensions\firefox-webext@zenmate.com.xpi
1538741837492	addons.xpi	DEBUG	Calling bootstrap method install on firefox-webext@zenmate.com version 6.2.6
1538741837493	addons.xpi	DEBUG	Calling bootstrap method startup on firefox-webext@zenmate.com version 6.2.6
JavaScript error: moz-extension://4a2d2ae8-3261-4dbe-9f0e-2391cedacb46/scripts/free.js, line 24: Error: Could not establish connection. Receiving end does not exist.
1538741837876	addons.manager	DEBUG	Registering upgrade listener for firefox-webext@zenmate.com
1538741838086	addons.xpi	DEBUG	removeTemporaryFile: https://addons.mozilla.org/firefox/downloads/file/1021277/zenmate_vpn_for_firefox-6.2.6-an+fx.xpi?src=dp-btn-primary removing temp file C:\Users\OPTiiM\AppData\Local\Temp\tmp-xa9.xpi
1538741838087	addons.xpi	WARN	Failed to remove temporary file C:\Users\OPTiiM\AppData\Local\Temp\tmp-xa9.xpi for addon https://addons.mozilla.org/firefox/downloads/file/1021277/zenmate_vpn_for_firefox-6.2.6-an+fx.xpi?src=dp-btn-primary: [Exception... "Component returned failure code: 0x80520015 (NS_ERROR_FILE_ACCESS_DENIED) [nsIFile.remove]"  nsresult: "0x80520015 (NS_ERROR_FILE_ACCESS_DENIED)"  location: "JS frame :: resource://gre/modules/addons/XPIInstall.jsm :: removeTemporaryFile :: line 1502"  data: no] Stack trace: removeTemporaryFile()@resource://gre/modules/addons/XPIInstall.jsm:1502
startInstall/<()@resource://gre/modules/addons/XPIInstall.jsm:1798
JavaScript error: https://partner.zenmate.com/qclick-cookies, line 24: SyntaxError: An invalid or illegal string was specified

	at org.openqa.selenium.firefox.internal.NewProfileExtensionConnection.start(NewProfileExtensionConnection.java:113)
	at org.openqa.selenium.firefox.FirefoxDriver.startClient(FirefoxDriver.java:271)
	at org.openqa.selenium.remote.RemoteWebDriver.<init>(RemoteWebDriver.java:119)
	at org.openqa.selenium.firefox.FirefoxDriver.<init>(FirefoxDriver.java:216)
	at org.openqa.selenium.firefox.FirefoxDriver.<init>(FirefoxDriver.java:211)
	at org.openqa.selenium.firefox.FirefoxDriver.<init>(FirefoxDriver.java:207)
	at org.openqa.selenium.firefox.FirefoxDriver.<init>(FirefoxDriver.java:120)
	at ua.pp.krotov.FirstTest.setUp(FirstTest.java:19)
	at sun.reflect.NativeMethodAccessorImpl.invoke0(Native Method)
	at sun.reflect.NativeMethodAccessorImpl.invoke(NativeMethodAccessorImpl.java:62)
	at sun.reflect.DelegatingMethodAccessorImpl.invoke(DelegatingMethodAccessorImpl.java:43)
	at java.lang.reflect.Method.invoke(Method.java:498)
	at org.testng.internal.MethodInvocationHelper.invokeMethod(MethodInvocationHelper.java:85)
	at org.testng.internal.Invoker.invokeConfigurationMethod(Invoker.java:510)
	at org.testng.internal.Invoker.invokeConfigurations(Invoker.java:211)
	at org.testng.internal.Invoker.invokeConfigurations(Invoker.java:138)
	at org.testng.internal.TestMethodWorker.invokeBeforeClassMethods(TestMethodWorker.java:170)
	at org.testng.internal.TestMethodWorker.run(TestMethodWorker.java:104)
	at org.testng.TestRunner.privateRun(TestRunner.java:773)
	at org.testng.TestRunner.run(TestRunner.java:623)
	at org.testng.SuiteRunner.runTest(SuiteRunner.java:357)
	at org.testng.SuiteRunner.runSequentially(SuiteRunner.java:352)
	at org.testng.SuiteRunner.privateRun(SuiteRunner.java:310)
	at org.testng.SuiteRunner.run(SuiteRunner.java:259)
	at org.testng.SuiteRunnerWorker.runSuite(SuiteRunnerWorker.java:52)
	at org.testng.SuiteRunnerWorker.run(SuiteRunnerWorker.java:86)
	at org.testng.TestNG.runSuitesSequentially(TestNG.java:1185)
	at org.testng.TestNG.runSuitesLocally(TestNG.java:1110)
	at org.testng.TestNG.run(TestNG.java:1018)
	at org.apache.maven.surefire.testng.TestNGExecutor.run(TestNGExecutor.java:135)
	at org.apache.maven.surefire.testng.TestNGDirectoryTestSuite.executeSingleClass(TestNGDirectoryTestSuite.java:112)
	at org.apache.maven.surefire.testng.TestNGDirectoryTestSuite.execute(TestNGDirectoryTestSuite.java:99)
	at org.apache.maven.surefire.testng.TestNGProvider.invoke(TestNGProvider.java:146)
	at org.apache.maven.surefire.booter.ForkedBooter.invokeProviderInSameClassLoader(ForkedBooter.java:373)
	at org.apache.maven.surefire.booter.ForkedBooter.runSuitesInProcess(ForkedBooter.java:334)
	at org.apache.maven.surefire.booter.ForkedBooter.execute(ForkedBooter.java:119)
	at org.apache.maven.surefire.booter.ForkedBooter.main(ForkedBooter.java:407)
]]></system-err>
  </testcase>
  <testcase name="gotoSeleniumWikiPage" classname="ua.pp.krotov.FirstTest" time="0">
    <skipped/>
  </testcase>
  <testcase name="gotoSeleniumWikiPageFailure" classname="ua.pp.krotov.FirstTest" time="0">
    <skipped/>
  </testcase>
  <testcase name="tearDown" classname="ua.pp.krotov.FirstTest" time="0">
    <skipped/>
  </testcase>
</testsuite>