<?xml version="1.0" encoding="UTF-8"?>
<!-- Generated by org.testng.reporters.JUnitReportReporter -->
<testsuite hostname="DESKTOP-C8E2LPS" name="ua.pp.krotov.FirstTest" tests="2" failures="0" timestamp="5 Oct 2018 12:17:36 GMT" time="0.001" errors="2">
  <testcase name="gotoSeleniumWikiPageFailure" time="0.000" classname="ua.pp.krotov.FirstTest">
    <error type="org.openqa.selenium.WebDriverException" message="Failed to connect to binary FirefoxBinary(C:\Program Files\Mozilla Firefox\firefox.exe) on port 7055; process output follows: 
escription&quot;:&quot;ZenMate VPN - Deine Internet Security LÃ¶sung. Wir verschlÃ¼sseln deine Internetverbindungen und unblocken deinen Lieblingscontent.&quot;,&quot;creator&quot;:null,&quot;developers&quot;:null,&quot;translators&quot;:null,&quot;contributors&quot;:null,&quot;locales&quot;:[&quot;de&quot;]},{&quot;name&quot;:&quot;ZenMate VPN - Ğ»ÑƒÑ‡ÑˆĞµĞµ Ñ€ĞµÑˆĞµĞ½Ğ¸Ğµ Ğ´Ğ»Ñ� Ğ¸Ğ½Ñ‚ĞµÑ€Ğ½ĞµÑ‚-Ğ±ĞµĞ·Ğ¾Ğ¿Ğ°Ñ�Ğ½Ğ¾Ñ�Ñ‚Ğ¸&quot;,&quot;description&quot;:&quot;ZenMate VPN - Ğ¸Ğ½Ñ‚ĞµÑ€Ğ½ĞµÑ‚-Ğ±ĞµĞ·Ğ¾Ğ¿Ğ°Ñ�Ğ½Ğ¾Ñ�Ñ‚ÑŒ Ğ´Ğ»Ñ� Ğ²Ğ°Ñ�. Ğ¨Ğ¸Ñ„Ñ€Ğ¾Ğ²Ğ°Ğ½Ğ¸Ğµ Ñ�Ğ¾ĞµĞ´Ğ¸Ğ½ĞµĞ½Ğ¸Ñ�, Ğ´Ğ¾Ñ�Ñ‚ÑƒĞ¿ Ğº Ğ·Ğ°Ñ‰Ğ¸Ñ‰ĞµĞ½Ğ½Ñ‹Ğ¼ Ğ¿Ñ€Ğ¾ĞºÑ�Ğ¸-Ñ�ĞµÑ€Ğ²ĞµÑ€Ğ°Ğ¼ Ğ¸ Ğ·Ğ°Ğ±Ğ»Ğ¾ĞºĞ¸Ñ€Ğ¾Ğ²Ğ°Ğ½Ğ½Ğ¾Ğ¼Ñƒ ĞºĞ¾Ğ½Ñ‚ĞµĞ½Ñ‚Ñƒ.&quot;,&quot;creator&quot;:null,&quot;developers&quot;:null,&quot;translators&quot;:null,&quot;contributors&quot;:null,&quot;locales&quot;:[&quot;ru&quot;]},{&quot;name&quot;:&quot;ZenMate VPN - Mejor seguridad para Internet&quot;,&quot;description&quot;:&quot;ZenMate VPN - la mejor soluciÃ³n para tu seguridad. Encripta tu conexiÃ³n, accede a nuestro vpn proxy y desbloquea pÃ¡ginas web fÃ¡cil.&quot;,&quot;creator&quot;:null,&quot;developers&quot;:null,&quot;translators&quot;:null,&quot;contributors&quot;:null,&quot;locales&quot;:[&quot;es&quot;]},{&quot;name&quot;:&quot;ZenMate VPN - GÃ¼venli Ä°nternet &amp; Unblock &quot;,&quot;description&quot;:&quot;ZenMate VPN - GÃ¼venli internet eriÅŸimi iÃ§in en iyi Ã§Ã¶zÃ¼m. Ä°nternet baÄŸlantÄ±nÄ± ÅŸifrele ve yasaklÄ± sitelere gÃ¼venli eriÅŸim saÄŸla.&quot;,&quot;creator&quot;:null,&quot;developers&quot;:null,&quot;translators&quot;:null,&quot;contributors&quot;:null,&quot;locales&quot;:[&quot;tr&quot;]},{&quot;name&quot;:&quot;ZenMate VPN - Beste Cyber Security &amp; Unblock&quot;,&quot;description&quot;:&quot;ZenMate VPN - Beste VPN &amp; Internet security voor Chrome. Verbind met onze proxy servers, unblock websites en behoud online privacy.&quot;,&quot;creator&quot;:null,&quot;developers&quot;:null,&quot;translators&quot;:null,&quot;contributors&quot;:null,&quot;locales&quot;:[&quot;nl&quot;]}],&quot;targetApplications&quot;:[{&quot;id&quot;:&quot;toolkit@mozilla.org&quot;,&quot;minVersion&quot;:&quot;56.0&quot;,&quot;maxVersion&quot;:null}],&quot;targetPlatforms&quot;:[],&quot;signedState&quot;:2,&quot;seen&quot;:true,&quot;dependencies&quot;:[],&quot;hasEmbeddedWebExtension&quot;:false,&quot;userPermissions&quot;:{&quot;permissions&quot;:[&quot;tabs&quot;,&quot;webRequest&quot;,&quot;webRequestBlocking&quot;,&quot;proxy&quot;,&quot;management&quot;,&quot;storage&quot;,&quot;notifications&quot;,&quot;cookies&quot;,&quot;privacy&quot;],&quot;origins&quot;:[&quot;*://*/*&quot;,&quot;*://*.zenmate.com/*&quot;,&quot;*://*.zenmate.io/*&quot;,&quot;&lt;all_urls&gt;&quot;]},&quot;icons&quot;:{&quot;16&quot;:&quot;icons/standard-16.png&quot;,&quot;48&quot;:&quot;icons/standard-48.png&quot;,&quot;64&quot;:&quot;icons/standard-64.png&quot;,&quot;128&quot;:&quot;icons/standard-128.png&quot;},&quot;iconURL&quot;:null,&quot;icon64URL&quot;:null,&quot;blocklistState&quot;:0,&quot;blocklistURL&quot;:null,&quot;startupData&quot;:null,&quot;location&quot;:&quot;app-profile&quot;}
1538741837482	addons.xpi	DEBUG	Install of https://addons.mozilla.org/firefox/downloads/file/1021277/zenmate_vpn_for_firefox-6.2.6-an+fx.xpi?src=dp-btn-primary completed.
1538741837491	addons.xpi	DEBUG	Loading bootstrap scope from C:\Users\OPTiiM\AppData\Local\Temp\anonymous8416474072821863842webdriver-profile\extensions\firefox-webext@zenmate.com.xpi
1538741837492	addons.xpi	DEBUG	Calling bootstrap method install on firefox-webext@zenmate.com version 6.2.6
1538741837493	addons.xpi	DEBUG	Calling bootstrap method startup on firefox-webext@zenmate.com version 6.2.6
JavaScript error: moz-extension://4a2d2ae8-3261-4dbe-9f0e-2391cedacb46/scripts/free.js, line 24: Error: Could not establish connection. Receiving end does not exist.
1538741837876	addons.manager	DEBUG	Registering upgrade listener for firefox-webext@zenmate.com
1538741838086	addons.xpi	DEBUG	removeTemporaryFile: https://addons.mozilla.org/firefox/downloads/file/1021277/zenmate_vpn_for_firefox-6.2.6-an+fx.xpi?src=dp-btn-primary removing temp file C:\Users\OPTiiM\AppData\Local\Temp\tmp-xa9.xpi
1538741838087	addons.xpi	WARN	Failed to remove temporary file C:\Users\OPTiiM\AppData\Local\Temp\tmp-xa9.xpi for addon https://addons.mozilla.org/firefox/downloads/file/1021277/zenmate_vpn_for_firefox-6.2.6-an+fx.xpi?src=dp-btn-primary: [Exception... &quot;Component returned failure code: 0x80520015 (NS_ERROR_FILE_ACCESS_DENIED) [nsIFile.remove]&quot;  nsresult: &quot;0x80520015 (NS_ERROR_FILE_ACCESS_DENIED)&quot;  location: &quot;JS frame :: resource://gre/modules/addons/XPIInstall.jsm :: removeTemporaryFile :: line 1502&quot;  data: no] Stack trace: removeTemporaryFile()@resource://gre/modules/addons/XPIInstall.jsm:1502
startInstall/&lt;()@resource://gre/modules/addons/XPIInstall.jsm:1798
JavaScript error: https://partner.zenmate.com/qclick-cookies, line 24: SyntaxError: An invalid or illegal string was specified

Build info: version: &#039;2.53.1&#039;, revision: &#039;a36b8b1cd5757287168e54b817830adce9b0158d&#039;, time: &#039;2016-06-30 19:26:09&#039;
System info: host: &#039;DESKTOP-C8E2LPS&#039;, ip: &#039;192.168.1.129&#039;, os.name: &#039;Windows 10&#039;, os.arch: &#039;amd64&#039;, os.version: &#039;10.0&#039;, java.version: &#039;1.8.0_181&#039;
Driver info: driver.version: FirefoxDriver">
      <![CDATA[org.openqa.selenium.WebDriverException: Failed to connect to binary FirefoxBinary(C:\Program Files\Mozilla Firefox\firefox.exe) on port 7055; process output follows: 
escription":"ZenMate VPN - Deine Internet Security LÃ¶sung. Wir verschlÃ¼sseln deine Internetverbindungen und unblocken deinen Lieblingscontent.","creator":null,"developers":null,"translators":null,"contributors":null,"locales":["de"]},{"name":"ZenMate VPN - Ğ»ÑƒÑ‡ÑˆĞµĞµ Ñ€ĞµÑˆĞµĞ½Ğ¸Ğµ Ğ´Ğ»Ñ� Ğ¸Ğ½Ñ‚ĞµÑ€Ğ½ĞµÑ‚-Ğ±ĞµĞ·Ğ¾Ğ¿Ğ°Ñ�Ğ½Ğ¾Ñ�Ñ‚Ğ¸","description":"ZenMate VPN - Ğ¸Ğ½Ñ‚ĞµÑ€Ğ½ĞµÑ‚-Ğ±ĞµĞ·Ğ¾Ğ¿Ğ°Ñ�Ğ½Ğ¾Ñ�Ñ‚ÑŒ Ğ´Ğ»Ñ� Ğ²Ğ°Ñ�. Ğ¨Ğ¸Ñ„Ñ€Ğ¾Ğ²Ğ°Ğ½Ğ¸Ğµ Ñ�Ğ¾ĞµĞ´Ğ¸Ğ½ĞµĞ½Ğ¸Ñ�, Ğ´Ğ¾Ñ�Ñ‚ÑƒĞ¿ Ğº Ğ·Ğ°Ñ‰Ğ¸Ñ‰ĞµĞ½Ğ½Ñ‹Ğ¼ Ğ¿Ñ€Ğ¾ĞºÑ�Ğ¸-Ñ�ĞµÑ€Ğ²ĞµÑ€Ğ°Ğ¼ Ğ¸ Ğ·Ğ°Ğ±Ğ»Ğ¾ĞºĞ¸Ñ€Ğ¾Ğ²Ğ°Ğ½Ğ½Ğ¾Ğ¼Ñƒ ĞºĞ¾Ğ½Ñ‚ĞµĞ½Ñ‚Ñƒ.","creator":null,"developers":null,"translators":null,"contributors":null,"locales":["ru"]},{"name":"ZenMate VPN - Mejor seguridad para Internet","description":"ZenMate VPN - la mejor soluciÃ³n para tu seguridad. Encripta tu conexiÃ³n, accede a nuestro vpn proxy y desbloquea pÃ¡ginas web fÃ¡cil.","creator":null,"developers":null,"translators":null,"contributors":null,"locales":["es"]},{"name":"ZenMate VPN - GÃ¼venli Ä°nternet & Unblock ","description":"ZenMate VPN - GÃ¼venli internet eriÅŸimi iÃ§in en iyi Ã§Ã¶zÃ¼m. Ä°nternet baÄŸlantÄ±nÄ± ÅŸifrele ve yasaklÄ± sitelere gÃ¼venli eriÅŸim saÄŸla.","creator":null,"developers":null,"translators":null,"contributors":null,"locales":["tr"]},{"name":"ZenMate VPN - Beste Cyber Security & Unblock","description":"ZenMate VPN - Beste VPN & Internet security voor Chrome. Verbind met onze proxy servers, unblock websites en behoud online privacy.","creator":null,"developers":null,"translators":null,"contributors":null,"locales":["nl"]}],"targetApplications":[{"id":"toolkit@mozilla.org","minVersion":"56.0","maxVersion":null}],"targetPlatforms":[],"signedState":2,"seen":true,"dependencies":[],"hasEmbeddedWebExtension":false,"userPermissions":{"permissions":["tabs","webRequest","webRequestBlocking","proxy","management","storage","notifications","cookies","privacy"],"origins":["*://*/*","*://*.zenmate.com/*","*://*.zenmate.io/*","<all_urls>"]},"icons":{"16":"icons/standard-16.png","48":"icons/standard-48.png","64":"icons/standard-64.png","128":"icons/standard-128.png"},"iconURL":null,"icon64URL":null,"blocklistState":0,"blocklistURL":null,"startupData":null,"location":"app-profile"}
1538741837482	addons.xpi	DEBUG	Install of https://addons.mozilla.org/firefox/downloads/file/1021277/zenmate_vpn_for_firefox-6.2.6-an+fx.xpi?src=dp-btn-primary completed.
1538741837491	addons.xpi	DEBUG	Loading bootstrap scope from C:\Users\OPTiiM\AppData\Local\Temp\anonymous8416474072821863842webdriver-profile\extensions\firefox-webext@zenmate.com.xpi
1538741837492	addons.xpi	DEBUG	Calling bootstrap method install on firefox-webext@zenmate.com version 6.2.6
1538741837493	addons.xpi	DEBUG	Calling bootstrap method startup on firefox-webext@zenmate.com version 6.2.6
JavaScript error: moz-extension://4a2d2ae8-3261-4dbe-9f0e-2391cedacb46/scripts/free.js, line 24: Error: Could not establish connection. Receiving end does not exist.
1538741837876	addons.manager	DEBUG	Registering upgrade listener for firefox-webext@zenmate.com
1538741838086	addons.xpi	DEBUG	removeTemporaryFile: https://addons.mozilla.org/firefox/downloads/file/1021277/zenmate_vpn_for_firefox-6.2.6-an+fx.xpi?src=dp-btn-primary removing temp file C:\Users\OPTiiM\AppData\Local\Temp\tmp-xa9.xpi
1538741838087	addons.xpi	WARN	Failed to remove temporary file C:\Users\OPTiiM\AppData\Local\Temp\tmp-xa9.xpi for addon https://addons.mozilla.org/firefox/downloads/file/1021277/zenmate_vpn_for_firefox-6.2.6-an+fx.xpi?src=dp-btn-primary: [Exception... "Component returned failure code: 0x80520015 (NS_ERROR_FILE_ACCESS_DENIED) [nsIFile.remove]"  nsresult: "0x80520015 (NS_ERROR_FILE_ACCESS_DENIED)"  location: "JS frame :: resource://gre/modules/addons/XPIInstall.jsm :: removeTemporaryFile :: line 1502"  data: no] Stack trace: removeTemporaryFile()@resource://gre/modules/addons/XPIInstall.jsm:1502
startInstall/<()@resource://gre/modules/addons/XPIInstall.jsm:1798
JavaScript error: https://partner.zenmate.com/qclick-cookies, line 24: SyntaxError: An invalid or illegal string was specified

Build info: version: '2.53.1', revision: 'a36b8b1cd5757287168e54b817830adce9b0158d', time: '2016-06-30 19:26:09'
System info: host: 'DESKTOP-C8E2LPS', ip: '192.168.1.129', os.name: 'Windows 10', os.arch: 'amd64', os.version: '10.0', java.version: '1.8.0_181'
Driver info: driver.version: FirefoxDriver
	at org.openqa.selenium.firefox.internal.NewProfileExtensionConnection.start(NewProfileExtensionConnection.java:125)
	at org.openqa.selenium.firefox.FirefoxDriver.startClient(FirefoxDriver.java:271)
	at org.openqa.selenium.remote.RemoteWebDriver.<init>(RemoteWebDriver.java:119)
	at org.openqa.selenium.firefox.FirefoxDriver.<init>(FirefoxDriver.java:216)
	at org.openqa.selenium.firefox.FirefoxDriver.<init>(FirefoxDriver.java:211)
	at org.openqa.selenium.firefox.FirefoxDriver.<init>(FirefoxDriver.java:207)
	at org.openqa.selenium.firefox.FirefoxDriver.<init>(FirefoxDriver.java:120)
	at ua.pp.krotov.FirstTest.setUp(FirstTest.java:19)
	at sun.reflect.NativeMethodAccessorImpl.invoke0(Native Method)
	at sun.reflect.NativeMethodAccessorImpl.invoke(NativeMethodAccessorImpl.java:62)
	at sun.reflect.DelegatingMethodAccessorImpl.invoke(DelegatingMethodAccessorImpl.java:43)
	at java.lang.reflect.Method.invoke(Method.java:498)
	at org.testng.internal.MethodInvocationHelper.invokeMethod(MethodInvocationHelper.java:85)
	at org.testng.internal.Invoker.invokeConfigurationMethod(Invoker.java:510)
	at org.testng.internal.Invoker.invokeConfigurations(Invoker.java:211)
	at org.testng.internal.Invoker.invokeConfigurations(Invoker.java:138)
	at org.testng.internal.TestMethodWorker.invokeBeforeClassMethods(TestMethodWorker.java:170)
	at org.testng.internal.TestMethodWorker.run(TestMethodWorker.java:104)
	at org.testng.TestRunner.privateRun(TestRunner.java:773)
	at org.testng.TestRunner.run(TestRunner.java:623)
	at org.testng.SuiteRunner.runTest(SuiteRunner.java:357)
	at org.testng.SuiteRunner.runSequentially(SuiteRunner.java:352)
	at org.testng.SuiteRunner.privateRun(SuiteRunner.java:310)
	at org.testng.SuiteRunner.run(SuiteRunner.java:259)
	at org.testng.SuiteRunnerWorker.runSuite(SuiteRunnerWorker.java:52)
	at org.testng.SuiteRunnerWorker.run(SuiteRunnerWorker.java:86)
	at org.testng.TestNG.runSuitesSequentially(TestNG.java:1185)
	at org.testng.TestNG.runSuitesLocally(TestNG.java:1110)
	at org.testng.TestNG.run(TestNG.java:1018)
	at org.apache.maven.surefire.testng.TestNGExecutor.run(TestNGExecutor.java:135)
	at org.apache.maven.surefire.testng.TestNGDirectoryTestSuite.executeSingleClass(TestNGDirectoryTestSuite.java:112)
	at org.apache.maven.surefire.testng.TestNGDirectoryTestSuite.execute(TestNGDirectoryTestSuite.java:99)
	at org.apache.maven.surefire.testng.TestNGProvider.invoke(TestNGProvider.java:146)
	at org.apache.maven.surefire.booter.ForkedBooter.invokeProviderInSameClassLoader(ForkedBooter.java:373)
	at org.apache.maven.surefire.booter.ForkedBooter.runSuitesInProcess(ForkedBooter.java:334)
	at org.apache.maven.surefire.booter.ForkedBooter.execute(ForkedBooter.java:119)
	at org.apache.maven.surefire.booter.ForkedBooter.main(ForkedBooter.java:407)
Caused by: org.openqa.selenium.firefox.NotConnectedException: Unable to connect to host 127.0.0.1 on port 7055 after 45000 ms. Firefox console output:
escription":"ZenMate VPN - Deine Internet Security LÃ¶sung. Wir verschlÃ¼sseln deine Internetverbindungen und unblocken deinen Lieblingscontent.","creator":null,"developers":null,"translators":null,"contributors":null,"locales":["de"]},{"name":"ZenMate VPN - Ğ»ÑƒÑ‡ÑˆĞµĞµ Ñ€ĞµÑˆĞµĞ½Ğ¸Ğµ Ğ´Ğ»Ñ� Ğ¸Ğ½Ñ‚ĞµÑ€Ğ½ĞµÑ‚-Ğ±ĞµĞ·Ğ¾Ğ¿Ğ°Ñ�Ğ½Ğ¾Ñ�Ñ‚Ğ¸","description":"ZenMate VPN - Ğ¸Ğ½Ñ‚ĞµÑ€Ğ½ĞµÑ‚-Ğ±ĞµĞ·Ğ¾Ğ¿Ğ°Ñ�Ğ½Ğ¾Ñ�Ñ‚ÑŒ Ğ´Ğ»Ñ� Ğ²Ğ°Ñ�. Ğ¨Ğ¸Ñ„Ñ€Ğ¾Ğ²Ğ°Ğ½Ğ¸Ğµ Ñ�Ğ¾ĞµĞ´Ğ¸Ğ½ĞµĞ½Ğ¸Ñ�, Ğ´Ğ¾Ñ�Ñ‚ÑƒĞ¿ Ğº Ğ·Ğ°Ñ‰Ğ¸Ñ‰ĞµĞ½Ğ½Ñ‹Ğ¼ Ğ¿Ñ€Ğ¾ĞºÑ�Ğ¸-Ñ�ĞµÑ€Ğ²ĞµÑ€Ğ°Ğ¼ Ğ¸ Ğ·Ğ°Ğ±Ğ»Ğ¾ĞºĞ¸Ñ€Ğ¾Ğ²Ğ°Ğ½Ğ½Ğ¾Ğ¼Ñƒ ĞºĞ¾Ğ½Ñ‚ĞµĞ½Ñ‚Ñƒ.","creator":null,"developers":null,"translators":null,"contributors":null,"locales":["ru"]},{"name":"ZenMate VPN - Mejor seguridad para Internet","description":"ZenMate VPN - la mejor soluciÃ³n para tu seguridad. Encripta tu conexiÃ³n, accede a nuestro vpn proxy y desbloquea pÃ¡ginas web fÃ¡cil.","creator":null,"developers":null,"translators":null,"contributors":null,"locales":["es"]},{"name":"ZenMate VPN - GÃ¼venli Ä°nternet & Unblock ","description":"ZenMate VPN - GÃ¼venli internet eriÅŸimi iÃ§in en iyi Ã§Ã¶zÃ¼m. Ä°nternet baÄŸlantÄ±nÄ± ÅŸifrele ve yasaklÄ± sitelere gÃ¼venli eriÅŸim saÄŸla.","creator":null,"developers":null,"translators":null,"contributors":null,"locales":["tr"]},{"name":"ZenMate VPN - Beste Cyber Security & Unblock","description":"ZenMate VPN - Beste VPN & Internet security voor Chrome. Verbind met onze proxy servers, unblock websites en behoud online privacy.","creator":null,"developers":null,"translators":null,"contributors":null,"locales":["nl"]}],"targetApplications":[{"id":"toolkit@mozilla.org","minVersion":"56.0","maxVersion":null}],"targetPlatforms":[],"signedState":2,"seen":true,"dependencies":[],"hasEmbeddedWebExtension":false,"userPermissions":{"permissions":["tabs","webRequest","webRequestBlocking","proxy","management","storage","notifications","cookies","privacy"],"origins":["*://*/*","*://*.zenmate.com/*","*://*.zenmate.io/*","<all_urls>"]},"icons":{"16":"icons/standard-16.png","48":"icons/standard-48.png","64":"icons/standard-64.png","128":"icons/standard-128.png"},"iconURL":null,"icon64URL":null,"blocklistState":0,"blocklistURL":null,"startupData":null,"location":"app-profile"}
1538741837482	addons.xpi	DEBUG	Install of https://addons.mozilla.org/firefox/downloads/file/1021277/zenmate_vpn_for_firefox-6.2.6-an+fx.xpi?src=dp-btn-primary completed.
1538741837491	addons.xpi	DEBUG	Loading bootstrap scope from C:\Users\OPTiiM\AppData\Local\Temp\anonymous8416474072821863842webdriver-profile\extensions\firefox-webext@zenmate.com.xpi
1538741837492	addons.xpi	DEBUG	Calling bootstrap method install on firefox-webext@zenmate.com version 6.2.6
1538741837493	addons.xpi	DEBUG	Calling bootstrap method startup on firefox-webext@zenmate.com version 6.2.6
JavaScript error: moz-extension://4a2d2ae8-3261-4dbe-9f0e-2391cedacb46/scripts/free.js, line 24: Error: Could not establish connection. Receiving end does not exist.
1538741837876	addons.manager	DEBUG	Registering upgrade listener for firefox-webext@zenmate.com
1538741838086	addons.xpi	DEBUG	removeTemporaryFile: https://addons.mozilla.org/firefox/downloads/file/1021277/zenmate_vpn_for_firefox-6.2.6-an+fx.xpi?src=dp-btn-primary removing temp file C:\Users\OPTiiM\AppData\Local\Temp\tmp-xa9.xpi
1538741838087	addons.xpi	WARN	Failed to remove temporary file C:\Users\OPTiiM\AppData\Local\Temp\tmp-xa9.xpi for addon https://addons.mozilla.org/firefox/downloads/file/1021277/zenmate_vpn_for_firefox-6.2.6-an+fx.xpi?src=dp-btn-primary: [Exception... "Component returned failure code: 0x80520015 (NS_ERROR_FILE_ACCESS_DENIED) [nsIFile.remove]"  nsresult: "0x80520015 (NS_ERROR_FILE_ACCESS_DENIED)"  location: "JS frame :: resource://gre/modules/addons/XPIInstall.jsm :: removeTemporaryFile :: line 1502"  data: no] Stack trace: removeTemporaryFile()@resource://gre/modules/addons/XPIInstall.jsm:1502
startInstall/<()@resource://gre/modules/addons/XPIInstall.jsm:1798
JavaScript error: https://partner.zenmate.com/qclick-cookies, line 24: SyntaxError: An invalid or illegal string was specified

	at org.openqa.selenium.firefox.internal.NewProfileExtensionConnection.start(NewProfileExtensionConnection.java:113)
	... 36 more
]]>
    </error>
  </testcase> <!-- gotoSeleniumWikiPageFailure -->
  <testcase name="gotoSeleniumWikiPage" time="0.001" classname="ua.pp.krotov.FirstTest">
    <error type="org.openqa.selenium.WebDriverException" message="Failed to connect to binary FirefoxBinary(C:\Program Files\Mozilla Firefox\firefox.exe) on port 7055; process output follows: 
escription&quot;:&quot;ZenMate VPN - Deine Internet Security LÃ¶sung. Wir verschlÃ¼sseln deine Internetverbindungen und unblocken deinen Lieblingscontent.&quot;,&quot;creator&quot;:null,&quot;developers&quot;:null,&quot;translators&quot;:null,&quot;contributors&quot;:null,&quot;locales&quot;:[&quot;de&quot;]},{&quot;name&quot;:&quot;ZenMate VPN - Ğ»ÑƒÑ‡ÑˆĞµĞµ Ñ€ĞµÑˆĞµĞ½Ğ¸Ğµ Ğ´Ğ»Ñ� Ğ¸Ğ½Ñ‚ĞµÑ€Ğ½ĞµÑ‚-Ğ±ĞµĞ·Ğ¾Ğ¿Ğ°Ñ�Ğ½Ğ¾Ñ�Ñ‚Ğ¸&quot;,&quot;description&quot;:&quot;ZenMate VPN - Ğ¸Ğ½Ñ‚ĞµÑ€Ğ½ĞµÑ‚-Ğ±ĞµĞ·Ğ¾Ğ¿Ğ°Ñ�Ğ½Ğ¾Ñ�Ñ‚ÑŒ Ğ´Ğ»Ñ� Ğ²Ğ°Ñ�. Ğ¨Ğ¸Ñ„Ñ€Ğ¾Ğ²Ğ°Ğ½Ğ¸Ğµ Ñ�Ğ¾ĞµĞ´Ğ¸Ğ½ĞµĞ½Ğ¸Ñ�, Ğ´Ğ¾Ñ�Ñ‚ÑƒĞ¿ Ğº Ğ·Ğ°Ñ‰Ğ¸Ñ‰ĞµĞ½Ğ½Ñ‹Ğ¼ Ğ¿Ñ€Ğ¾ĞºÑ�Ğ¸-Ñ�ĞµÑ€Ğ²ĞµÑ€Ğ°Ğ¼ Ğ¸ Ğ·Ğ°Ğ±Ğ»Ğ¾ĞºĞ¸Ñ€Ğ¾Ğ²Ğ°Ğ½Ğ½Ğ¾Ğ¼Ñƒ ĞºĞ¾Ğ½Ñ‚ĞµĞ½Ñ‚Ñƒ.&quot;,&quot;creator&quot;:null,&quot;developers&quot;:null,&quot;translators&quot;:null,&quot;contributors&quot;:null,&quot;locales&quot;:[&quot;ru&quot;]},{&quot;name&quot;:&quot;ZenMate VPN - Mejor seguridad para Internet&quot;,&quot;description&quot;:&quot;ZenMate VPN - la mejor soluciÃ³n para tu seguridad. Encripta tu conexiÃ³n, accede a nuestro vpn proxy y desbloquea pÃ¡ginas web fÃ¡cil.&quot;,&quot;creator&quot;:null,&quot;developers&quot;:null,&quot;translators&quot;:null,&quot;contributors&quot;:null,&quot;locales&quot;:[&quot;es&quot;]},{&quot;name&quot;:&quot;ZenMate VPN - GÃ¼venli Ä°nternet &amp; Unblock &quot;,&quot;description&quot;:&quot;ZenMate VPN - GÃ¼venli internet eriÅŸimi iÃ§in en iyi Ã§Ã¶zÃ¼m. Ä°nternet baÄŸlantÄ±nÄ± ÅŸifrele ve yasaklÄ± sitelere gÃ¼venli eriÅŸim saÄŸla.&quot;,&quot;creator&quot;:null,&quot;developers&quot;:null,&quot;translators&quot;:null,&quot;contributors&quot;:null,&quot;locales&quot;:[&quot;tr&quot;]},{&quot;name&quot;:&quot;ZenMate VPN - Beste Cyber Security &amp; Unblock&quot;,&quot;description&quot;:&quot;ZenMate VPN - Beste VPN &amp; Internet security voor Chrome. Verbind met onze proxy servers, unblock websites en behoud online privacy.&quot;,&quot;creator&quot;:null,&quot;developers&quot;:null,&quot;translators&quot;:null,&quot;contributors&quot;:null,&quot;locales&quot;:[&quot;nl&quot;]}],&quot;targetApplications&quot;:[{&quot;id&quot;:&quot;toolkit@mozilla.org&quot;,&quot;minVersion&quot;:&quot;56.0&quot;,&quot;maxVersion&quot;:null}],&quot;targetPlatforms&quot;:[],&quot;signedState&quot;:2,&quot;seen&quot;:true,&quot;dependencies&quot;:[],&quot;hasEmbeddedWebExtension&quot;:false,&quot;userPermissions&quot;:{&quot;permissions&quot;:[&quot;tabs&quot;,&quot;webRequest&quot;,&quot;webRequestBlocking&quot;,&quot;proxy&quot;,&quot;management&quot;,&quot;storage&quot;,&quot;notifications&quot;,&quot;cookies&quot;,&quot;privacy&quot;],&quot;origins&quot;:[&quot;*://*/*&quot;,&quot;*://*.zenmate.com/*&quot;,&quot;*://*.zenmate.io/*&quot;,&quot;&lt;all_urls&gt;&quot;]},&quot;icons&quot;:{&quot;16&quot;:&quot;icons/standard-16.png&quot;,&quot;48&quot;:&quot;icons/standard-48.png&quot;,&quot;64&quot;:&quot;icons/standard-64.png&quot;,&quot;128&quot;:&quot;icons/standard-128.png&quot;},&quot;iconURL&quot;:null,&quot;icon64URL&quot;:null,&quot;blocklistState&quot;:0,&quot;blocklistURL&quot;:null,&quot;startupData&quot;:null,&quot;location&quot;:&quot;app-profile&quot;}
1538741837482	addons.xpi	DEBUG	Install of https://addons.mozilla.org/firefox/downloads/file/1021277/zenmate_vpn_for_firefox-6.2.6-an+fx.xpi?src=dp-btn-primary completed.
1538741837491	addons.xpi	DEBUG	Loading bootstrap scope from C:\Users\OPTiiM\AppData\Local\Temp\anonymous8416474072821863842webdriver-profile\extensions\firefox-webext@zenmate.com.xpi
1538741837492	addons.xpi	DEBUG	Calling bootstrap method install on firefox-webext@zenmate.com version 6.2.6
1538741837493	addons.xpi	DEBUG	Calling bootstrap method startup on firefox-webext@zenmate.com version 6.2.6
JavaScript error: moz-extension://4a2d2ae8-3261-4dbe-9f0e-2391cedacb46/scripts/free.js, line 24: Error: Could not establish connection. Receiving end does not exist.
1538741837876	addons.manager	DEBUG	Registering upgrade listener for firefox-webext@zenmate.com
1538741838086	addons.xpi	DEBUG	removeTemporaryFile: https://addons.mozilla.org/firefox/downloads/file/1021277/zenmate_vpn_for_firefox-6.2.6-an+fx.xpi?src=dp-btn-primary removing temp file C:\Users\OPTiiM\AppData\Local\Temp\tmp-xa9.xpi
1538741838087	addons.xpi	WARN	Failed to remove temporary file C:\Users\OPTiiM\AppData\Local\Temp\tmp-xa9.xpi for addon https://addons.mozilla.org/firefox/downloads/file/1021277/zenmate_vpn_for_firefox-6.2.6-an+fx.xpi?src=dp-btn-primary: [Exception... &quot;Component returned failure code: 0x80520015 (NS_ERROR_FILE_ACCESS_DENIED) [nsIFile.remove]&quot;  nsresult: &quot;0x80520015 (NS_ERROR_FILE_ACCESS_DENIED)&quot;  location: &quot;JS frame :: resource://gre/modules/addons/XPIInstall.jsm :: removeTemporaryFile :: line 1502&quot;  data: no] Stack trace: removeTemporaryFile()@resource://gre/modules/addons/XPIInstall.jsm:1502
startInstall/&lt;()@resource://gre/modules/addons/XPIInstall.jsm:1798
JavaScript error: https://partner.zenmate.com/qclick-cookies, line 24: SyntaxError: An invalid or illegal string was specified

Build info: version: &#039;2.53.1&#039;, revision: &#039;a36b8b1cd5757287168e54b817830adce9b0158d&#039;, time: &#039;2016-06-30 19:26:09&#039;
System info: host: &#039;DESKTOP-C8E2LPS&#039;, ip: &#039;192.168.1.129&#039;, os.name: &#039;Windows 10&#039;, os.arch: &#039;amd64&#039;, os.version: &#039;10.0&#039;, java.version: &#039;1.8.0_181&#039;
Driver info: driver.version: FirefoxDriver">
      <![CDATA[org.openqa.selenium.WebDriverException: Failed to connect to binary FirefoxBinary(C:\Program Files\Mozilla Firefox\firefox.exe) on port 7055; process output follows: 
escription":"ZenMate VPN - Deine Internet Security LÃ¶sung. Wir verschlÃ¼sseln deine Internetverbindungen und unblocken deinen Lieblingscontent.","creator":null,"developers":null,"translators":null,"contributors":null,"locales":["de"]},{"name":"ZenMate VPN - Ğ»ÑƒÑ‡ÑˆĞµĞµ Ñ€ĞµÑˆĞµĞ½Ğ¸Ğµ Ğ´Ğ»Ñ� Ğ¸Ğ½Ñ‚ĞµÑ€Ğ½ĞµÑ‚-Ğ±ĞµĞ·Ğ¾Ğ¿Ğ°Ñ�Ğ½Ğ¾Ñ�Ñ‚Ğ¸","description":"ZenMate VPN - Ğ¸Ğ½Ñ‚ĞµÑ€Ğ½ĞµÑ‚-Ğ±ĞµĞ·Ğ¾Ğ¿Ğ°Ñ�Ğ½Ğ¾Ñ�Ñ‚ÑŒ Ğ´Ğ»Ñ� Ğ²Ğ°Ñ�. Ğ¨Ğ¸Ñ„Ñ€Ğ¾Ğ²Ğ°Ğ½Ğ¸Ğµ Ñ�Ğ¾ĞµĞ´Ğ¸Ğ½ĞµĞ½Ğ¸Ñ�, Ğ´Ğ¾Ñ�Ñ‚ÑƒĞ¿ Ğº Ğ·Ğ°Ñ‰Ğ¸Ñ‰ĞµĞ½Ğ½Ñ‹Ğ¼ Ğ¿Ñ€Ğ¾ĞºÑ�Ğ¸-Ñ�ĞµÑ€Ğ²ĞµÑ€Ğ°Ğ¼ Ğ¸ Ğ·Ğ°Ğ±Ğ»Ğ¾ĞºĞ¸Ñ€Ğ¾Ğ²Ğ°Ğ½Ğ½Ğ¾Ğ¼Ñƒ ĞºĞ¾Ğ½Ñ‚ĞµĞ½Ñ‚Ñƒ.","creator":null,"developers":null,"translators":null,"contributors":null,"locales":["ru"]},{"name":"ZenMate VPN - Mejor seguridad para Internet","description":"ZenMate VPN - la mejor soluciÃ³n para tu seguridad. Encripta tu conexiÃ³n, accede a nuestro vpn proxy y desbloquea pÃ¡ginas web fÃ¡cil.","creator":null,"developers":null,"translators":null,"contributors":null,"locales":["es"]},{"name":"ZenMate VPN - GÃ¼venli Ä°nternet & Unblock ","description":"ZenMate VPN - GÃ¼venli internet eriÅŸimi iÃ§in en iyi Ã§Ã¶zÃ¼m. Ä°nternet baÄŸlantÄ±nÄ± ÅŸifrele ve yasaklÄ± sitelere gÃ¼venli eriÅŸim saÄŸla.","creator":null,"developers":null,"translators":null,"contributors":null,"locales":["tr"]},{"name":"ZenMate VPN - Beste Cyber Security & Unblock","description":"ZenMate VPN - Beste VPN & Internet security voor Chrome. Verbind met onze proxy servers, unblock websites en behoud online privacy.","creator":null,"developers":null,"translators":null,"contributors":null,"locales":["nl"]}],"targetApplications":[{"id":"toolkit@mozilla.org","minVersion":"56.0","maxVersion":null}],"targetPlatforms":[],"signedState":2,"seen":true,"dependencies":[],"hasEmbeddedWebExtension":false,"userPermissions":{"permissions":["tabs","webRequest","webRequestBlocking","proxy","management","storage","notifications","cookies","privacy"],"origins":["*://*/*","*://*.zenmate.com/*","*://*.zenmate.io/*","<all_urls>"]},"icons":{"16":"icons/standard-16.png","48":"icons/standard-48.png","64":"icons/standard-64.png","128":"icons/standard-128.png"},"iconURL":null,"icon64URL":null,"blocklistState":0,"blocklistURL":null,"startupData":null,"location":"app-profile"}
1538741837482	addons.xpi	DEBUG	Install of https://addons.mozilla.org/firefox/downloads/file/1021277/zenmate_vpn_for_firefox-6.2.6-an+fx.xpi?src=dp-btn-primary completed.
1538741837491	addons.xpi	DEBUG	Loading bootstrap scope from C:\Users\OPTiiM\AppData\Local\Temp\anonymous8416474072821863842webdriver-profile\extensions\firefox-webext@zenmate.com.xpi
1538741837492	addons.xpi	DEBUG	Calling bootstrap method install on firefox-webext@zenmate.com version 6.2.6
1538741837493	addons.xpi	DEBUG	Calling bootstrap method startup on firefox-webext@zenmate.com version 6.2.6
JavaScript error: moz-extension://4a2d2ae8-3261-4dbe-9f0e-2391cedacb46/scripts/free.js, line 24: Error: Could not establish connection. Receiving end does not exist.
1538741837876	addons.manager	DEBUG	Registering upgrade listener for firefox-webext@zenmate.com
1538741838086	addons.xpi	DEBUG	removeTemporaryFile: https://addons.mozilla.org/firefox/downloads/file/1021277/zenmate_vpn_for_firefox-6.2.6-an+fx.xpi?src=dp-btn-primary removing temp file C:\Users\OPTiiM\AppData\Local\Temp\tmp-xa9.xpi
1538741838087	addons.xpi	WARN	Failed to remove temporary file C:\Users\OPTiiM\AppData\Local\Temp\tmp-xa9.xpi for addon https://addons.mozilla.org/firefox/downloads/file/1021277/zenmate_vpn_for_firefox-6.2.6-an+fx.xpi?src=dp-btn-primary: [Exception... "Component returned failure code: 0x80520015 (NS_ERROR_FILE_ACCESS_DENIED) [nsIFile.remove]"  nsresult: "0x80520015 (NS_ERROR_FILE_ACCESS_DENIED)"  location: "JS frame :: resource://gre/modules/addons/XPIInstall.jsm :: removeTemporaryFile :: line 1502"  data: no] Stack trace: removeTemporaryFile()@resource://gre/modules/addons/XPIInstall.jsm:1502
startInstall/<()@resource://gre/modules/addons/XPIInstall.jsm:1798
JavaScript error: https://partner.zenmate.com/qclick-cookies, line 24: SyntaxError: An invalid or illegal string was specified

Build info: version: '2.53.1', revision: 'a36b8b1cd5757287168e54b817830adce9b0158d', time: '2016-06-30 19:26:09'
System info: host: 'DESKTOP-C8E2LPS', ip: '192.168.1.129', os.name: 'Windows 10', os.arch: 'amd64', os.version: '10.0', java.version: '1.8.0_181'
Driver info: driver.version: FirefoxDriver
	at org.openqa.selenium.firefox.internal.NewProfileExtensionConnection.start(NewProfileExtensionConnection.java:125)
	at org.openqa.selenium.firefox.FirefoxDriver.startClient(FirefoxDriver.java:271)
	at org.openqa.selenium.remote.RemoteWebDriver.<init>(RemoteWebDriver.java:119)
	at org.openqa.selenium.firefox.FirefoxDriver.<init>(FirefoxDriver.java:216)
	at org.openqa.selenium.firefox.FirefoxDriver.<init>(FirefoxDriver.java:211)
	at org.openqa.selenium.firefox.FirefoxDriver.<init>(FirefoxDriver.java:207)
	at org.openqa.selenium.firefox.FirefoxDriver.<init>(FirefoxDriver.java:120)
	at ua.pp.krotov.FirstTest.setUp(FirstTest.java:19)
	at sun.reflect.NativeMethodAccessorImpl.invoke0(Native Method)
	at sun.reflect.NativeMethodAccessorImpl.invoke(NativeMethodAccessorImpl.java:62)
	at sun.reflect.DelegatingMethodAccessorImpl.invoke(DelegatingMethodAccessorImpl.java:43)
	at java.lang.reflect.Method.invoke(Method.java:498)
	at org.testng.internal.MethodInvocationHelper.invokeMethod(MethodInvocationHelper.java:85)
	at org.testng.internal.Invoker.invokeConfigurationMethod(Invoker.java:510)
	at org.testng.internal.Invoker.invokeConfigurations(Invoker.java:211)
	at org.testng.internal.Invoker.invokeConfigurations(Invoker.java:138)
	at org.testng.internal.TestMethodWorker.invokeBeforeClassMethods(TestMethodWorker.java:170)
	at org.testng.internal.TestMethodWorker.run(TestMethodWorker.java:104)
	at org.testng.TestRunner.privateRun(TestRunner.java:773)
	at org.testng.TestRunner.run(TestRunner.java:623)
	at org.testng.SuiteRunner.runTest(SuiteRunner.java:357)
	at org.testng.SuiteRunner.runSequentially(SuiteRunner.java:352)
	at org.testng.SuiteRunner.privateRun(SuiteRunner.java:310)
	at org.testng.SuiteRunner.run(SuiteRunner.java:259)
	at org.testng.SuiteRunnerWorker.runSuite(SuiteRunnerWorker.java:52)
	at org.testng.SuiteRunnerWorker.run(SuiteRunnerWorker.java:86)
	at org.testng.TestNG.runSuitesSequentially(TestNG.java:1185)
	at org.testng.TestNG.runSuitesLocally(TestNG.java:1110)
	at org.testng.TestNG.run(TestNG.java:1018)
	at org.apache.maven.surefire.testng.TestNGExecutor.run(TestNGExecutor.java:135)
	at org.apache.maven.surefire.testng.TestNGDirectoryTestSuite.executeSingleClass(TestNGDirectoryTestSuite.java:112)
	at org.apache.maven.surefire.testng.TestNGDirectoryTestSuite.execute(TestNGDirectoryTestSuite.java:99)
	at org.apache.maven.surefire.testng.TestNGProvider.invoke(TestNGProvider.java:146)
	at org.apache.maven.surefire.booter.ForkedBooter.invokeProviderInSameClassLoader(ForkedBooter.java:373)
	at org.apache.maven.surefire.booter.ForkedBooter.runSuitesInProcess(ForkedBooter.java:334)
	at org.apache.maven.surefire.booter.ForkedBooter.execute(ForkedBooter.java:119)
	at org.apache.maven.surefire.booter.ForkedBooter.main(ForkedBooter.java:407)
Caused by: org.openqa.selenium.firefox.NotConnectedException: Unable to connect to host 127.0.0.1 on port 7055 after 45000 ms. Firefox console output:
escription":"ZenMate VPN - Deine Internet Security LÃ¶sung. Wir verschlÃ¼sseln deine Internetverbindungen und unblocken deinen Lieblingscontent.","creator":null,"developers":null,"translators":null,"contributors":null,"locales":["de"]},{"name":"ZenMate VPN - Ğ»ÑƒÑ‡ÑˆĞµĞµ Ñ€ĞµÑˆĞµĞ½Ğ¸Ğµ Ğ´Ğ»Ñ� Ğ¸Ğ½Ñ‚ĞµÑ€Ğ½ĞµÑ‚-Ğ±ĞµĞ·Ğ¾Ğ¿Ğ°Ñ�Ğ½Ğ¾Ñ�Ñ‚Ğ¸","description":"ZenMate VPN - Ğ¸Ğ½Ñ‚ĞµÑ€Ğ½ĞµÑ‚-Ğ±ĞµĞ·Ğ¾Ğ¿Ğ°Ñ�Ğ½Ğ¾Ñ�Ñ‚ÑŒ Ğ´Ğ»Ñ� Ğ²Ğ°Ñ�. Ğ¨Ğ¸Ñ„Ñ€Ğ¾Ğ²Ğ°Ğ½Ğ¸Ğµ Ñ�Ğ¾ĞµĞ´Ğ¸Ğ½ĞµĞ½Ğ¸Ñ�, Ğ´Ğ¾Ñ�Ñ‚ÑƒĞ¿ Ğº Ğ·Ğ°Ñ‰Ğ¸Ñ‰ĞµĞ½Ğ½Ñ‹Ğ¼ Ğ¿Ñ€Ğ¾ĞºÑ�Ğ¸-Ñ�ĞµÑ€Ğ²ĞµÑ€Ğ°Ğ¼ Ğ¸ Ğ·Ğ°Ğ±Ğ»Ğ¾ĞºĞ¸Ñ€Ğ¾Ğ²Ğ°Ğ½Ğ½Ğ¾Ğ¼Ñƒ ĞºĞ¾Ğ½Ñ‚ĞµĞ½Ñ‚Ñƒ.","creator":null,"developers":null,"translators":null,"contributors":null,"locales":["ru"]},{"name":"ZenMate VPN - Mejor seguridad para Internet","description":"ZenMate VPN - la mejor soluciÃ³n para tu seguridad. Encripta tu conexiÃ³n, accede a nuestro vpn proxy y desbloquea pÃ¡ginas web fÃ¡cil.","creator":null,"developers":null,"translators":null,"contributors":null,"locales":["es"]},{"name":"ZenMate VPN - GÃ¼venli Ä°nternet & Unblock ","description":"ZenMate VPN - GÃ¼venli internet eriÅŸimi iÃ§in en iyi Ã§Ã¶zÃ¼m. Ä°nternet baÄŸlantÄ±nÄ± ÅŸifrele ve yasaklÄ± sitelere gÃ¼venli eriÅŸim saÄŸla.","creator":null,"developers":null,"translators":null,"contributors":null,"locales":["tr"]},{"name":"ZenMate VPN - Beste Cyber Security & Unblock","description":"ZenMate VPN - Beste VPN & Internet security voor Chrome. Verbind met onze proxy servers, unblock websites en behoud online privacy.","creator":null,"developers":null,"translators":null,"contributors":null,"locales":["nl"]}],"targetApplications":[{"id":"toolkit@mozilla.org","minVersion":"56.0","maxVersion":null}],"targetPlatforms":[],"signedState":2,"seen":true,"dependencies":[],"hasEmbeddedWebExtension":false,"userPermissions":{"permissions":["tabs","webRequest","webRequestBlocking","proxy","management","storage","notifications","cookies","privacy"],"origins":["*://*/*","*://*.zenmate.com/*","*://*.zenmate.io/*","<all_urls>"]},"icons":{"16":"icons/standard-16.png","48":"icons/standard-48.png","64":"icons/standard-64.png","128":"icons/standard-128.png"},"iconURL":null,"icon64URL":null,"blocklistState":0,"blocklistURL":null,"startupData":null,"location":"app-profile"}
1538741837482	addons.xpi	DEBUG	Install of https://addons.mozilla.org/firefox/downloads/file/1021277/zenmate_vpn_for_firefox-6.2.6-an+fx.xpi?src=dp-btn-primary completed.
1538741837491	addons.xpi	DEBUG	Loading bootstrap scope from C:\Users\OPTiiM\AppData\Local\Temp\anonymous8416474072821863842webdriver-profile\extensions\firefox-webext@zenmate.com.xpi
1538741837492	addons.xpi	DEBUG	Calling bootstrap method install on firefox-webext@zenmate.com version 6.2.6
1538741837493	addons.xpi	DEBUG	Calling bootstrap method startup on firefox-webext@zenmate.com version 6.2.6
JavaScript error: moz-extension://4a2d2ae8-3261-4dbe-9f0e-2391cedacb46/scripts/free.js, line 24: Error: Could not establish connection. Receiving end does not exist.
1538741837876	addons.manager	DEBUG	Registering upgrade listener for firefox-webext@zenmate.com
1538741838086	addons.xpi	DEBUG	removeTemporaryFile: https://addons.mozilla.org/firefox/downloads/file/1021277/zenmate_vpn_for_firefox-6.2.6-an+fx.xpi?src=dp-btn-primary removing temp file C:\Users\OPTiiM\AppData\Local\Temp\tmp-xa9.xpi
1538741838087	addons.xpi	WARN	Failed to remove temporary file C:\Users\OPTiiM\AppData\Local\Temp\tmp-xa9.xpi for addon https://addons.mozilla.org/firefox/downloads/file/1021277/zenmate_vpn_for_firefox-6.2.6-an+fx.xpi?src=dp-btn-primary: [Exception... "Component returned failure code: 0x80520015 (NS_ERROR_FILE_ACCESS_DENIED) [nsIFile.remove]"  nsresult: "0x80520015 (NS_ERROR_FILE_ACCESS_DENIED)"  location: "JS frame :: resource://gre/modules/addons/XPIInstall.jsm :: removeTemporaryFile :: line 1502"  data: no] Stack trace: removeTemporaryFile()@resource://gre/modules/addons/XPIInstall.jsm:1502
startInstall/<()@resource://gre/modules/addons/XPIInstall.jsm:1798
JavaScript error: https://partner.zenmate.com/qclick-cookies, line 24: SyntaxError: An invalid or illegal string was specified

	at org.openqa.selenium.firefox.internal.NewProfileExtensionConnection.start(NewProfileExtensionConnection.java:113)
	... 36 more
]]>
    </error>
  </testcase> <!-- gotoSeleniumWikiPage -->
</testsuite> <!-- ua.pp.krotov.FirstTest -->
